make --dry-run --always-make --keep-going --print-directory
make: Entering directory '/home/jayesh/Documents/Unfolding'
/usr/bin/cmake -S/home/jayesh/Documents/Unfolding -B/home/jayesh/Documents/Unfolding --check-build-system CMakeFiles/Makefile.cmake 0
/usr/bin/cmake -E cmake_progress_start /home/jayesh/Documents/Unfolding/CMakeFiles /home/jayesh/Documents/Unfolding//CMakeFiles/progress.marks
make -s -f CMakeFiles/Makefile2 all
 
make[1]: Entering directory '/home/jayesh/Documents/Unfolding'
make -s -f CMakeFiles/CGAL_Qt5_moc_and_resources_autogen.dir/build.make CMakeFiles/CGAL_Qt5_moc_and_resources_autogen.dir/depend
make[2]: Entering directory '/home/jayesh/Documents/Unfolding'
cd /home/jayesh/Documents/Unfolding && /usr/bin/cmake -E cmake_depends "Unix Makefiles" /home/jayesh/Documents/Unfolding /home/jayesh/Documents/Unfolding /home/jayesh/Documents/Unfolding /home/jayesh/Documents/Unfolding /home/jayesh/Documents/Unfolding/CMakeFiles/CGAL_Qt5_moc_and_resources_autogen.dir/DependInfo.cmake --color=
make[2]: Leaving directory '/home/jayesh/Documents/Unfolding'
make -s -f CMakeFiles/CGAL_Qt5_moc_and_resources_autogen.dir/build.make CMakeFiles/CGAL_Qt5_moc_and_resources_autogen.dir/build
 
make[2]: Entering directory '/home/jayesh/Documents/Unfolding'
/usr/bin/cmake -E cmake_echo_color --switch= --blue --bold --progress-dir=/home/jayesh/Documents/Unfolding/CMakeFiles --progress-num=12 "Automatic MOC for target CGAL_Qt5_moc_and_resources"
/usr/bin/cmake -E cmake_autogen /home/jayesh/Documents/Unfolding/CMakeFiles/CGAL_Qt5_moc_and_resources_autogen.dir/AutogenInfo.json ""
make[2]: Leaving directory '/home/jayesh/Documents/Unfolding'
/usr/bin/cmake -E cmake_echo_color --switch= --progress-dir=/home/jayesh/Documents/Unfolding/CMakeFiles --progress-num=12 "Built target CGAL_Qt5_moc_and_resources_autogen"
make -s -f CMakeFiles/CGAL_Qt5_moc_and_resources.dir/build.make CMakeFiles/CGAL_Qt5_moc_and_resources.dir/depend
 
make[2]: Entering directory '/home/jayesh/Documents/Unfolding'
/usr/bin/cmake -E cmake_echo_color --switch= --blue --bold --progress-dir=/home/jayesh/Documents/Unfolding/CMakeFiles --progress-num=1 "Generating ui_ImageInterface.h"
/home/jayesh/Qt/Tools/QtDesignStudio/qt5_design_studio_reduced_version/bin/uic -o /home/jayesh/Documents/Unfolding/ui_ImageInterface.h /usr/local/include/CGAL/Qt/resources/ImageInterface.ui
/usr/bin/cmake -E cmake_echo_color --switch= --blue --bold --progress-dir=/home/jayesh/Documents/Unfolding/CMakeFiles --progress-num=2 "Generating qrc_CGAL.cpp"
/home/jayesh/Qt/Tools/QtDesignStudio/qt5_design_studio_reduced_version/bin/rcc --name CGAL --output /home/jayesh/Documents/Unfolding/qrc_CGAL.cpp /home/jayesh/Documents/Unfolding/resources/CGAL.qrc
/usr/bin/cmake -E cmake_echo_color --switch= --blue --bold --progress-dir=/home/jayesh/Documents/Unfolding/CMakeFiles --progress-num=4 "Generating qrc_File.cpp"
/home/jayesh/Qt/Tools/QtDesignStudio/qt5_design_studio_reduced_version/bin/rcc --name File --output /home/jayesh/Documents/Unfolding/qrc_File.cpp /home/jayesh/Documents/Unfolding/icons/File.qrc
/usr/bin/cmake -E cmake_echo_color --switch= --blue --bold --progress-dir=/home/jayesh/Documents/Unfolding/CMakeFiles --progress-num=3 "Generating qrc_Input.cpp"
/home/jayesh/Qt/Tools/QtDesignStudio/qt5_design_studio_reduced_version/bin/rcc --name Input --output /home/jayesh/Documents/Unfolding/qrc_Input.cpp /home/jayesh/Documents/Unfolding/icons/Input.qrc
/usr/bin/cmake -E cmake_echo_color --switch= --blue --bold --progress-dir=/home/jayesh/Documents/Unfolding/CMakeFiles --progress-num=5 "Generating qrc_Triangulation_2.cpp"
/home/jayesh/Qt/Tools/QtDesignStudio/qt5_design_studio_reduced_version/bin/rcc --name Triangulation_2 --output /home/jayesh/Documents/Unfolding/qrc_Triangulation_2.cpp /home/jayesh/Documents/Unfolding/icons/Triangulation_2.qrc
cd /home/jayesh/Documents/Unfolding && /usr/bin/cmake -E cmake_depends "Unix Makefiles" /home/jayesh/Documents/Unfolding /home/jayesh/Documents/Unfolding /home/jayesh/Documents/Unfolding /home/jayesh/Documents/Unfolding /home/jayesh/Documents/Unfolding/CMakeFiles/CGAL_Qt5_moc_and_resources.dir/DependInfo.cmake --color=
make[2]: Leaving directory '/home/jayesh/Documents/Unfolding'
make -s -f CMakeFiles/CGAL_Qt5_moc_and_resources.dir/build.make CMakeFiles/CGAL_Qt5_moc_and_resources.dir/build
make[2]: Entering directory '/home/jayesh/Documents/Unfolding'
/usr/bin/cmake -E cmake_echo_color --switch= --blue --bold --progress-dir=/home/jayesh/Documents/Unfolding/CMakeFiles --progress-num=1 "Generating ui_ImageInterface.h"
/home/jayesh/Qt/Tools/QtDesignStudio/qt5_design_studio_reduced_version/bin/uic -o /home/jayesh/Documents/Unfolding/ui_ImageInterface.h /usr/local/include/CGAL/Qt/resources/ImageInterface.ui
/usr/bin/cmake -E cmake_echo_color --switch= --green --progress-dir=/home/jayesh/Documents/Unfolding/CMakeFiles --progress-num=6 "Building CXX object CMakeFiles/CGAL_Qt5_moc_and_resources.dir/CGAL_Qt5_moc_and_resources_autogen/mocs_compilation.cpp.o"
/usr/bin/c++ -DBOOST_ALL_NO_LIB -DCGAL_USE_GMPXX=1 -DQT_CORE_LIB -DQT_GUI_LIB -DQT_NO_DEBUG -DQT_OPENGL_LIB -DQT_SVG_LIB -DQT_WIDGETS_LIB -I/home/jayesh/Documents/Unfolding/CGAL_Qt5_moc_and_resources_autogen/include -I/home/jayesh/Documents/Unfolding -isystem /home/jayesh/Qt/Tools/QtDesignStudio/qt5_design_studio_reduced_version/include -isystem /home/jayesh/Qt/Tools/QtDesignStudio/qt5_design_studio_reduced_version/include/QtWidgets -isystem /home/jayesh/Qt/Tools/QtDesignStudio/qt5_design_studio_reduced_version/include/QtGui -isystem /home/jayesh/Qt/Tools/QtDesignStudio/qt5_design_studio_reduced_version/include/QtCore -isystem /home/jayesh/Qt/Tools/QtDesignStudio/qt5_design_studio_reduced_version/./mkspecs/linux-g++ -isystem /home/jayesh/Qt/Tools/QtDesignStudio/qt5_design_studio_reduced_version/include/QtOpenGL -isystem /home/jayesh/Qt/Tools/QtDesignStudio/qt5_design_studio_reduced_version/include/QtSvg -fPIC -frounding-math -fPIC -MD -MT CMakeFiles/CGAL_Qt5_moc_and_resources.dir/CGAL_Qt5_moc_and_resources_autogen/mocs_compilation.cpp.o -MF CMakeFiles/CGAL_Qt5_moc_and_resources.dir/CGAL_Qt5_moc_and_resources_autogen/mocs_compilation.cpp.o.d -o CMakeFiles/CGAL_Qt5_moc_and_resources.dir/CGAL_Qt5_moc_and_resources_autogen/mocs_compilation.cpp.o -c /home/jayesh/Documents/Unfolding/CGAL_Qt5_moc_and_resources_autogen/mocs_compilation.cpp
/usr/bin/cmake -E cmake_echo_color --switch= --blue --bold --progress-dir=/home/jayesh/Documents/Unfolding/CMakeFiles --progress-num=2 "Generating qrc_CGAL.cpp"
/home/jayesh/Qt/Tools/QtDesignStudio/qt5_design_studio_reduced_version/bin/rcc --name CGAL --output /home/jayesh/Documents/Unfolding/qrc_CGAL.cpp /home/jayesh/Documents/Unfolding/resources/CGAL.qrc
/usr/bin/cmake -E cmake_echo_color --switch= --green --progress-dir=/home/jayesh/Documents/Unfolding/CMakeFiles --progress-num=7 "Building CXX object CMakeFiles/CGAL_Qt5_moc_and_resources.dir/qrc_CGAL.cpp.o"
/usr/bin/c++ -DBOOST_ALL_NO_LIB -DCGAL_USE_GMPXX=1 -DQT_CORE_LIB -DQT_GUI_LIB -DQT_NO_DEBUG -DQT_OPENGL_LIB -DQT_SVG_LIB -DQT_WIDGETS_LIB -I/home/jayesh/Documents/Unfolding/CGAL_Qt5_moc_and_resources_autogen/include -I/home/jayesh/Documents/Unfolding -isystem /home/jayesh/Qt/Tools/QtDesignStudio/qt5_design_studio_reduced_version/include -isystem /home/jayesh/Qt/Tools/QtDesignStudio/qt5_design_studio_reduced_version/include/QtWidgets -isystem /home/jayesh/Qt/Tools/QtDesignStudio/qt5_design_studio_reduced_version/include/QtGui -isystem /home/jayesh/Qt/Tools/QtDesignStudio/qt5_design_studio_reduced_version/include/QtCore -isystem /home/jayesh/Qt/Tools/QtDesignStudio/qt5_design_studio_reduced_version/./mkspecs/linux-g++ -isystem /home/jayesh/Qt/Tools/QtDesignStudio/qt5_design_studio_reduced_version/include/QtOpenGL -isystem /home/jayesh/Qt/Tools/QtDesignStudio/qt5_design_studio_reduced_version/include/QtSvg -fPIC -frounding-math -fPIC -MD -MT CMakeFiles/CGAL_Qt5_moc_and_resources.dir/qrc_CGAL.cpp.o -MF CMakeFiles/CGAL_Qt5_moc_and_resources.dir/qrc_CGAL.cpp.o.d -o CMakeFiles/CGAL_Qt5_moc_and_resources.dir/qrc_CGAL.cpp.o -c /home/jayesh/Documents/Unfolding/qrc_CGAL.cpp
/usr/bin/cmake -E cmake_echo_color --switch= --blue --bold --progress-dir=/home/jayesh/Documents/Unfolding/CMakeFiles --progress-num=3 "Generating qrc_Input.cpp"
/home/jayesh/Qt/Tools/QtDesignStudio/qt5_design_studio_reduced_version/bin/rcc --name Input --output /home/jayesh/Documents/Unfolding/qrc_Input.cpp /home/jayesh/Documents/Unfolding/icons/Input.qrc
/usr/bin/cmake -E cmake_echo_color --switch= --green --progress-dir=/home/jayesh/Documents/Unfolding/CMakeFiles --progress-num=8 "Building CXX object CMakeFiles/CGAL_Qt5_moc_and_resources.dir/qrc_Input.cpp.o"
/usr/bin/c++ -DBOOST_ALL_NO_LIB -DCGAL_USE_GMPXX=1 -DQT_CORE_LIB -DQT_GUI_LIB -DQT_NO_DEBUG -DQT_OPENGL_LIB -DQT_SVG_LIB -DQT_WIDGETS_LIB -I/home/jayesh/Documents/Unfolding/CGAL_Qt5_moc_and_resources_autogen/include -I/home/jayesh/Documents/Unfolding -isystem /home/jayesh/Qt/Tools/QtDesignStudio/qt5_design_studio_reduced_version/include -isystem /home/jayesh/Qt/Tools/QtDesignStudio/qt5_design_studio_reduced_version/include/QtWidgets -isystem /home/jayesh/Qt/Tools/QtDesignStudio/qt5_design_studio_reduced_version/include/QtGui -isystem /home/jayesh/Qt/Tools/QtDesignStudio/qt5_design_studio_reduced_version/include/QtCore -isystem /home/jayesh/Qt/Tools/QtDesignStudio/qt5_design_studio_reduced_version/./mkspecs/linux-g++ -isystem /home/jayesh/Qt/Tools/QtDesignStudio/qt5_design_studio_reduced_version/include/QtOpenGL -isystem /home/jayesh/Qt/Tools/QtDesignStudio/qt5_design_studio_reduced_version/include/QtSvg -fPIC -frounding-math -fPIC -MD -MT CMakeFiles/CGAL_Qt5_moc_and_resources.dir/qrc_Input.cpp.o -MF CMakeFiles/CGAL_Qt5_moc_and_resources.dir/qrc_Input.cpp.o.d -o CMakeFiles/CGAL_Qt5_moc_and_resources.dir/qrc_Input.cpp.o -c /home/jayesh/Documents/Unfolding/qrc_Input.cpp
/usr/bin/cmake -E cmake_echo_color --switch= --blue --bold --progress-dir=/home/jayesh/Documents/Unfolding/CMakeFiles --progress-num=4 "Generating qrc_File.cpp"
/home/jayesh/Qt/Tools/QtDesignStudio/qt5_design_studio_reduced_version/bin/rcc --name File --output /home/jayesh/Documents/Unfolding/qrc_File.cpp /home/jayesh/Documents/Unfolding/icons/File.qrc
/usr/bin/cmake -E cmake_echo_color --switch= --green --progress-dir=/home/jayesh/Documents/Unfolding/CMakeFiles --progress-num=9 "Building CXX object CMakeFiles/CGAL_Qt5_moc_and_resources.dir/qrc_File.cpp.o"
/usr/bin/c++ -DBOOST_ALL_NO_LIB -DCGAL_USE_GMPXX=1 -DQT_CORE_LIB -DQT_GUI_LIB -DQT_NO_DEBUG -DQT_OPENGL_LIB -DQT_SVG_LIB -DQT_WIDGETS_LIB -I/home/jayesh/Documents/Unfolding/CGAL_Qt5_moc_and_resources_autogen/include -I/home/jayesh/Documents/Unfolding -isystem /home/jayesh/Qt/Tools/QtDesignStudio/qt5_design_studio_reduced_version/include -isystem /home/jayesh/Qt/Tools/QtDesignStudio/qt5_design_studio_reduced_version/include/QtWidgets -isystem /home/jayesh/Qt/Tools/QtDesignStudio/qt5_design_studio_reduced_version/include/QtGui -isystem /home/jayesh/Qt/Tools/QtDesignStudio/qt5_design_studio_reduced_version/include/QtCore -isystem /home/jayesh/Qt/Tools/QtDesignStudio/qt5_design_studio_reduced_version/./mkspecs/linux-g++ -isystem /home/jayesh/Qt/Tools/QtDesignStudio/qt5_design_studio_reduced_version/include/QtOpenGL -isystem /home/jayesh/Qt/Tools/QtDesignStudio/qt5_design_studio_reduced_version/include/QtSvg -fPIC -frounding-math -fPIC -MD -MT CMakeFiles/CGAL_Qt5_moc_and_resources.dir/qrc_File.cpp.o -MF CMakeFiles/CGAL_Qt5_moc_and_resources.dir/qrc_File.cpp.o.d -o CMakeFiles/CGAL_Qt5_moc_and_resources.dir/qrc_File.cpp.o -c /home/jayesh/Documents/Unfolding/qrc_File.cpp
/usr/bin/cmake -E cmake_echo_color --switch= --blue --bold --progress-dir=/home/jayesh/Documents/Unfolding/CMakeFiles --progress-num=5 "Generating qrc_Triangulation_2.cpp"
/home/jayesh/Qt/Tools/QtDesignStudio/qt5_design_studio_reduced_version/bin/rcc --name Triangulation_2 --output /home/jayesh/Documents/Unfolding/qrc_Triangulation_2.cpp /home/jayesh/Documents/Unfolding/icons/Triangulation_2.qrc
/usr/bin/cmake -E cmake_echo_color --switch= --green --progress-dir=/home/jayesh/Documents/Unfolding/CMakeFiles --progress-num=10 "Building CXX object CMakeFiles/CGAL_Qt5_moc_and_resources.dir/qrc_Triangulation_2.cpp.o"
/usr/bin/c++ -DBOOST_ALL_NO_LIB -DCGAL_USE_GMPXX=1 -DQT_CORE_LIB -DQT_GUI_LIB -DQT_NO_DEBUG -DQT_OPENGL_LIB -DQT_SVG_LIB -DQT_WIDGETS_LIB -I/home/jayesh/Documents/Unfolding/CGAL_Qt5_moc_and_resources_autogen/include -I/home/jayesh/Documents/Unfolding -isystem /home/jayesh/Qt/Tools/QtDesignStudio/qt5_design_studio_reduced_version/include -isystem /home/jayesh/Qt/Tools/QtDesignStudio/qt5_design_studio_reduced_version/include/QtWidgets -isystem /home/jayesh/Qt/Tools/QtDesignStudio/qt5_design_studio_reduced_version/include/QtGui -isystem /home/jayesh/Qt/Tools/QtDesignStudio/qt5_design_studio_reduced_version/include/QtCore -isystem /home/jayesh/Qt/Tools/QtDesignStudio/qt5_design_studio_reduced_version/./mkspecs/linux-g++ -isystem /home/jayesh/Qt/Tools/QtDesignStudio/qt5_design_studio_reduced_version/include/QtOpenGL -isystem /home/jayesh/Qt/Tools/QtDesignStudio/qt5_design_studio_reduced_version/include/QtSvg -fPIC -frounding-math -fPIC -MD -MT CMakeFiles/CGAL_Qt5_moc_and_resources.dir/qrc_Triangulation_2.cpp.o -MF CMakeFiles/CGAL_Qt5_moc_and_resources.dir/qrc_Triangulation_2.cpp.o.d -o CMakeFiles/CGAL_Qt5_moc_and_resources.dir/qrc_Triangulation_2.cpp.o -c /home/jayesh/Documents/Unfolding/qrc_Triangulation_2.cpp
/usr/bin/cmake -E cmake_echo_color --switch= --green --bold --progress-dir=/home/jayesh/Documents/Unfolding/CMakeFiles --progress-num=11 "Linking CXX static library libCGAL_Qt5_moc_and_resources.a"
/usr/bin/cmake -P CMakeFiles/CGAL_Qt5_moc_and_resources.dir/cmake_clean_target.cmake
/usr/bin/cmake -E cmake_link_script CMakeFiles/CGAL_Qt5_moc_and_resources.dir/link.txt --verbose=
make[2]: Leaving directory '/home/jayesh/Documents/Unfolding'
/usr/bin/cmake -E cmake_echo_color --switch= --progress-dir=/home/jayesh/Documents/Unfolding/CMakeFiles --progress-num=1,2,3,4,5,6,7,8,9,10,11 "Built target CGAL_Qt5_moc_and_resources"
make -s -f CMakeFiles/gradient.out.dir/build.make CMakeFiles/gradient.out.dir/depend
 
make[2]: Entering directory '/home/jayesh/Documents/Unfolding'
cd /home/jayesh/Documents/Unfolding && /usr/bin/cmake -E cmake_depends "Unix Makefiles" /home/jayesh/Documents/Unfolding /home/jayesh/Documents/Unfolding /home/jayesh/Documents/Unfolding /home/jayesh/Documents/Unfolding /home/jayesh/Documents/Unfolding/CMakeFiles/gradient.out.dir/DependInfo.cmake --color=
make[2]: Leaving directory '/home/jayesh/Documents/Unfolding'
make -s -f CMakeFiles/gradient.out.dir/build.make CMakeFiles/gradient.out.dir/build
make[2]: Entering directory '/home/jayesh/Documents/Unfolding'
/usr/bin/cmake -E cmake_echo_color --switch= --green --progress-dir=/home/jayesh/Documents/Unfolding/CMakeFiles --progress-num=68 "Building CXX object CMakeFiles/gradient.out.dir/gradient.cpp.o"
/usr/bin/c++ -DBOOST_ALL_NO_LIB -DCGAL_USE_BASIC_VIEWER -DCGAL_USE_GMPXX=1 -DQT_CORE_LIB -DQT_GUI_LIB -DQT_NO_DEBUG -DQT_NO_KEYWORDS -DQT_OPENGL_LIB -DQT_SVG_LIB -DQT_WIDGETS_LIB -I/home/jayesh/Documents/Unfolding -isystem /home/jayesh/Qt/Tools/QtDesignStudio/qt5_design_studio_reduced_version/include -isystem /home/jayesh/Qt/Tools/QtDesignStudio/qt5_design_studio_reduced_version/include/QtWidgets -isystem /home/jayesh/Qt/Tools/QtDesignStudio/qt5_design_studio_reduced_version/include/QtGui -isystem /home/jayesh/Qt/Tools/QtDesignStudio/qt5_design_studio_reduced_version/include/QtCore -isystem /home/jayesh/Qt/Tools/QtDesignStudio/qt5_design_studio_reduced_version/./mkspecs/linux-g++ -isystem /home/jayesh/Qt/Tools/QtDesignStudio/qt5_design_studio_reduced_version/include/QtOpenGL -isystem /home/jayesh/Qt/Tools/QtDesignStudio/qt5_design_studio_reduced_version/include/QtSvg -frounding-math -Wno-deprecated-copy -Wno-cast-function-type -fPIC -MD -MT CMakeFiles/gradient.out.dir/gradient.cpp.o -MF CMakeFiles/gradient.out.dir/gradient.cpp.o.d -o CMakeFiles/gradient.out.dir/gradient.cpp.o -c /home/jayesh/Documents/Unfolding/gradient.cpp
/usr/bin/cmake -E cmake_echo_color --switch= --green --bold --progress-dir=/home/jayesh/Documents/Unfolding/CMakeFiles --progress-num=69 "Linking CXX executable gradient.out"
/usr/bin/cmake -E cmake_link_script CMakeFiles/gradient.out.dir/link.txt --verbose=
make[2]: Leaving directory '/home/jayesh/Documents/Unfolding'
/usr/bin/cmake -E cmake_echo_color --switch= --progress-dir=/home/jayesh/Documents/Unfolding/CMakeFiles --progress-num=68,69 "Built target gradient.out"
make -s -f Tutorial/gltut/glsdk/CMakeFiles/glload.dir/build.make Tutorial/gltut/glsdk/CMakeFiles/glload.dir/depend
 
make[2]: Entering directory '/home/jayesh/Documents/Unfolding'
cd /home/jayesh/Documents/Unfolding && /usr/bin/cmake -E cmake_depends "Unix Makefiles" /home/jayesh/Documents/Unfolding /home/jayesh/Documents/Unfolding/Tutorial/gltut/glsdk /home/jayesh/Documents/Unfolding /home/jayesh/Documents/Unfolding/Tutorial/gltut/glsdk /home/jayesh/Documents/Unfolding/Tutorial/gltut/glsdk/CMakeFiles/glload.dir/DependInfo.cmake --color=
make[2]: Leaving directory '/home/jayesh/Documents/Unfolding'
make -s -f Tutorial/gltut/glsdk/CMakeFiles/glload.dir/build.make Tutorial/gltut/glsdk/CMakeFiles/glload.dir/build
make[2]: Entering directory '/home/jayesh/Documents/Unfolding'
/usr/bin/cmake -E cmake_echo_color --switch= --green --progress-dir=/home/jayesh/Documents/Unfolding/CMakeFiles --progress-num=57 "Building CXX object Tutorial/gltut/glsdk/CMakeFiles/glload.dir/glload/source/gl_load_cpp.cpp.o"
cd /home/jayesh/Documents/Unfolding/Tutorial/gltut/glsdk && /usr/bin/c++  -I/home/jayesh/Documents/Unfolding/Tutorial/gltut/glsdk/glload/include  -MD -MT Tutorial/gltut/glsdk/CMakeFiles/glload.dir/glload/source/gl_load_cpp.cpp.o -MF CMakeFiles/glload.dir/glload/source/gl_load_cpp.cpp.o.d -o CMakeFiles/glload.dir/glload/source/gl_load_cpp.cpp.o -c /home/jayesh/Documents/Unfolding/Tutorial/gltut/glsdk/glload/source/gl_load_cpp.cpp
/usr/bin/cmake -E cmake_echo_color --switch= --green --progress-dir=/home/jayesh/Documents/Unfolding/CMakeFiles --progress-num=58 "Building C object Tutorial/gltut/glsdk/CMakeFiles/glload.dir/glload/source/gl_load.c.o"
cd /home/jayesh/Documents/Unfolding/Tutorial/gltut/glsdk && /usr/bin/cc  -I/home/jayesh/Documents/Unfolding/Tutorial/gltut/glsdk/glload/include  -MD -MT Tutorial/gltut/glsdk/CMakeFiles/glload.dir/glload/source/gl_load.c.o -MF CMakeFiles/glload.dir/glload/source/gl_load.c.o.d -o CMakeFiles/glload.dir/glload/source/gl_load.c.o -c /home/jayesh/Documents/Unfolding/Tutorial/gltut/glsdk/glload/source/gl_load.c
/usr/bin/cmake -E cmake_echo_color --switch= --green --bold --progress-dir=/home/jayesh/Documents/Unfolding/CMakeFiles --progress-num=59 "Linking CXX static library libglload.a"
cd /home/jayesh/Documents/Unfolding/Tutorial/gltut/glsdk && /usr/bin/cmake -P CMakeFiles/glload.dir/cmake_clean_target.cmake
cd /home/jayesh/Documents/Unfolding/Tutorial/gltut/glsdk && /usr/bin/cmake -E cmake_link_script CMakeFiles/glload.dir/link.txt --verbose=
make[2]: Leaving directory '/home/jayesh/Documents/Unfolding'
/usr/bin/cmake -E cmake_echo_color --switch= --progress-dir=/home/jayesh/Documents/Unfolding/CMakeFiles --progress-num=57,58,59 "Built target glload"
make -s -f Tutorial/gltut/glsdk/CMakeFiles/glimg.dir/build.make Tutorial/gltut/glsdk/CMakeFiles/glimg.dir/depend
make[2]: Entering directory '/home/jayesh/Documents/Unfolding'
cd /home/jayesh/Documents/Unfolding && /usr/bin/cmake -E cmake_depends "Unix Makefiles" /home/jayesh/Documents/Unfolding /home/jayesh/Documents/Unfolding/Tutorial/gltut/glsdk /home/jayesh/Documents/Unfolding /home/jayesh/Documents/Unfolding/Tutorial/gltut/glsdk /home/jayesh/Documents/Unfolding/Tutorial/gltut/glsdk/CMakeFiles/glimg.dir/DependInfo.cmake --color=
make[2]: Leaving directory '/home/jayesh/Documents/Unfolding'
make -s -f Tutorial/gltut/glsdk/CMakeFiles/glimg.dir/build.make Tutorial/gltut/glsdk/CMakeFiles/glimg.dir/build
make[2]: Entering directory '/home/jayesh/Documents/Unfolding'
/usr/bin/cmake -E cmake_echo_color --switch= --green --progress-dir=/home/jayesh/Documents/Unfolding/CMakeFiles --progress-num=46 "Building CXX object Tutorial/gltut/glsdk/CMakeFiles/glimg.dir/glimg/source/DdsLoader.cpp.o"
cd /home/jayesh/Documents/Unfolding/Tutorial/gltut/glsdk && /usr/bin/c++  -I/home/jayesh/Documents/Unfolding/Tutorial/gltut/glsdk/glimg/include -I/home/jayesh/Documents/Unfolding/Tutorial/gltut/glsdk/glload/include  -MD -MT Tutorial/gltut/glsdk/CMakeFiles/glimg.dir/glimg/source/DdsLoader.cpp.o -MF CMakeFiles/glimg.dir/glimg/source/DdsLoader.cpp.o.d -o CMakeFiles/glimg.dir/glimg/source/DdsLoader.cpp.o -c /home/jayesh/Documents/Unfolding/Tutorial/gltut/glsdk/glimg/source/DdsLoader.cpp
/usr/bin/cmake -E cmake_echo_color --switch= --green --progress-dir=/home/jayesh/Documents/Unfolding/CMakeFiles --progress-num=47 "Building CXX object Tutorial/gltut/glsdk/CMakeFiles/glimg.dir/glimg/source/ImageCreator.cpp.o"
cd /home/jayesh/Documents/Unfolding/Tutorial/gltut/glsdk && /usr/bin/c++  -I/home/jayesh/Documents/Unfolding/Tutorial/gltut/glsdk/glimg/include -I/home/jayesh/Documents/Unfolding/Tutorial/gltut/glsdk/glload/include  -MD -MT Tutorial/gltut/glsdk/CMakeFiles/glimg.dir/glimg/source/ImageCreator.cpp.o -MF CMakeFiles/glimg.dir/glimg/source/ImageCreator.cpp.o.d -o CMakeFiles/glimg.dir/glimg/source/ImageCreator.cpp.o -c /home/jayesh/Documents/Unfolding/Tutorial/gltut/glsdk/glimg/source/ImageCreator.cpp
/usr/bin/cmake -E cmake_echo_color --switch= --green --progress-dir=/home/jayesh/Documents/Unfolding/CMakeFiles --progress-num=48 "Building CXX object Tutorial/gltut/glsdk/CMakeFiles/glimg.dir/glimg/source/ImageFormat.cpp.o"
cd /home/jayesh/Documents/Unfolding/Tutorial/gltut/glsdk && /usr/bin/c++  -I/home/jayesh/Documents/Unfolding/Tutorial/gltut/glsdk/glimg/include -I/home/jayesh/Documents/Unfolding/Tutorial/gltut/glsdk/glload/include  -MD -MT Tutorial/gltut/glsdk/CMakeFiles/glimg.dir/glimg/source/ImageFormat.cpp.o -MF CMakeFiles/glimg.dir/glimg/source/ImageFormat.cpp.o.d -o CMakeFiles/glimg.dir/glimg/source/ImageFormat.cpp.o -c /home/jayesh/Documents/Unfolding/Tutorial/gltut/glsdk/glimg/source/ImageFormat.cpp
/usr/bin/cmake -E cmake_echo_color --switch= --green --progress-dir=/home/jayesh/Documents/Unfolding/CMakeFiles --progress-num=49 "Building CXX object Tutorial/gltut/glsdk/CMakeFiles/glimg.dir/glimg/source/ImageSet.cpp.o"
cd /home/jayesh/Documents/Unfolding/Tutorial/gltut/glsdk && /usr/bin/c++  -I/home/jayesh/Documents/Unfolding/Tutorial/gltut/glsdk/glimg/include -I/home/jayesh/Documents/Unfolding/Tutorial/gltut/glsdk/glload/include  -MD -MT Tutorial/gltut/glsdk/CMakeFiles/glimg.dir/glimg/source/ImageSet.cpp.o -MF CMakeFiles/glimg.dir/glimg/source/ImageSet.cpp.o.d -o CMakeFiles/glimg.dir/glimg/source/ImageSet.cpp.o -c /home/jayesh/Documents/Unfolding/Tutorial/gltut/glsdk/glimg/source/ImageSet.cpp
/usr/bin/cmake -E cmake_echo_color --switch= --green --progress-dir=/home/jayesh/Documents/Unfolding/CMakeFiles --progress-num=50 "Building CXX object Tutorial/gltut/glsdk/CMakeFiles/glimg.dir/glimg/source/ImageSetImpl.cpp.o"
cd /home/jayesh/Documents/Unfolding/Tutorial/gltut/glsdk && /usr/bin/c++  -I/home/jayesh/Documents/Unfolding/Tutorial/gltut/glsdk/glimg/include -I/home/jayesh/Documents/Unfolding/Tutorial/gltut/glsdk/glload/include  -MD -MT Tutorial/gltut/glsdk/CMakeFiles/glimg.dir/glimg/source/ImageSetImpl.cpp.o -MF CMakeFiles/glimg.dir/glimg/source/ImageSetImpl.cpp.o.d -o CMakeFiles/glimg.dir/glimg/source/ImageSetImpl.cpp.o -c /home/jayesh/Documents/Unfolding/Tutorial/gltut/glsdk/glimg/source/ImageSetImpl.cpp
/usr/bin/cmake -E cmake_echo_color --switch= --green --progress-dir=/home/jayesh/Documents/Unfolding/CMakeFiles --progress-num=51 "Building CXX object Tutorial/gltut/glsdk/CMakeFiles/glimg.dir/glimg/source/StbLoader.cpp.o"
cd /home/jayesh/Documents/Unfolding/Tutorial/gltut/glsdk && /usr/bin/c++  -I/home/jayesh/Documents/Unfolding/Tutorial/gltut/glsdk/glimg/include -I/home/jayesh/Documents/Unfolding/Tutorial/gltut/glsdk/glload/include  -MD -MT Tutorial/gltut/glsdk/CMakeFiles/glimg.dir/glimg/source/StbLoader.cpp.o -MF CMakeFiles/glimg.dir/glimg/source/StbLoader.cpp.o.d -o CMakeFiles/glimg.dir/glimg/source/StbLoader.cpp.o -c /home/jayesh/Documents/Unfolding/Tutorial/gltut/glsdk/glimg/source/StbLoader.cpp
/usr/bin/cmake -E cmake_echo_color --switch= --green --progress-dir=/home/jayesh/Documents/Unfolding/CMakeFiles --progress-num=52 "Building CXX object Tutorial/gltut/glsdk/CMakeFiles/glimg.dir/glimg/source/TestLoader.cpp.o"
cd /home/jayesh/Documents/Unfolding/Tutorial/gltut/glsdk && /usr/bin/c++  -I/home/jayesh/Documents/Unfolding/Tutorial/gltut/glsdk/glimg/include -I/home/jayesh/Documents/Unfolding/Tutorial/gltut/glsdk/glload/include  -MD -MT Tutorial/gltut/glsdk/CMakeFiles/glimg.dir/glimg/source/TestLoader.cpp.o -MF CMakeFiles/glimg.dir/glimg/source/TestLoader.cpp.o.d -o CMakeFiles/glimg.dir/glimg/source/TestLoader.cpp.o -c /home/jayesh/Documents/Unfolding/Tutorial/gltut/glsdk/glimg/source/TestLoader.cpp
/usr/bin/cmake -E cmake_echo_color --switch= --green --progress-dir=/home/jayesh/Documents/Unfolding/CMakeFiles --progress-num=53 "Building CXX object Tutorial/gltut/glsdk/CMakeFiles/glimg.dir/glimg/source/TextureGenerator.cpp.o"
cd /home/jayesh/Documents/Unfolding/Tutorial/gltut/glsdk && /usr/bin/c++  -I/home/jayesh/Documents/Unfolding/Tutorial/gltut/glsdk/glimg/include -I/home/jayesh/Documents/Unfolding/Tutorial/gltut/glsdk/glload/include  -MD -MT Tutorial/gltut/glsdk/CMakeFiles/glimg.dir/glimg/source/TextureGenerator.cpp.o -MF CMakeFiles/glimg.dir/glimg/source/TextureGenerator.cpp.o.d -o CMakeFiles/glimg.dir/glimg/source/TextureGenerator.cpp.o -c /home/jayesh/Documents/Unfolding/Tutorial/gltut/glsdk/glimg/source/TextureGenerator.cpp
/usr/bin/cmake -E cmake_echo_color --switch= --green --progress-dir=/home/jayesh/Documents/Unfolding/CMakeFiles --progress-num=54 "Building CXX object Tutorial/gltut/glsdk/CMakeFiles/glimg.dir/glimg/source/Util.cpp.o"
cd /home/jayesh/Documents/Unfolding/Tutorial/gltut/glsdk && /usr/bin/c++  -I/home/jayesh/Documents/Unfolding/Tutorial/gltut/glsdk/glimg/include -I/home/jayesh/Documents/Unfolding/Tutorial/gltut/glsdk/glload/include  -MD -MT Tutorial/gltut/glsdk/CMakeFiles/glimg.dir/glimg/source/Util.cpp.o -MF CMakeFiles/glimg.dir/glimg/source/Util.cpp.o.d -o CMakeFiles/glimg.dir/glimg/source/Util.cpp.o -c /home/jayesh/Documents/Unfolding/Tutorial/gltut/glsdk/glimg/source/Util.cpp
/usr/bin/cmake -E cmake_echo_color --switch= --green --progress-dir=/home/jayesh/Documents/Unfolding/CMakeFiles --progress-num=55 "Building C object Tutorial/gltut/glsdk/CMakeFiles/glimg.dir/glimg/source/stb_image.c.o"
cd /home/jayesh/Documents/Unfolding/Tutorial/gltut/glsdk && /usr/bin/cc  -I/home/jayesh/Documents/Unfolding/Tutorial/gltut/glsdk/glimg/include -I/home/jayesh/Documents/Unfolding/Tutorial/gltut/glsdk/glload/include  -MD -MT Tutorial/gltut/glsdk/CMakeFiles/glimg.dir/glimg/source/stb_image.c.o -MF CMakeFiles/glimg.dir/glimg/source/stb_image.c.o.d -o CMakeFiles/glimg.dir/glimg/source/stb_image.c.o -c /home/jayesh/Documents/Unfolding/Tutorial/gltut/glsdk/glimg/source/stb_image.c
/usr/bin/cmake -E cmake_echo_color --switch= --green --bold --progress-dir=/home/jayesh/Documents/Unfolding/CMakeFiles --progress-num=56 "Linking CXX static library libglimg.a"
cd /home/jayesh/Documents/Unfolding/Tutorial/gltut/glsdk && /usr/bin/cmake -P CMakeFiles/glimg.dir/cmake_clean_target.cmake
cd /home/jayesh/Documents/Unfolding/Tutorial/gltut/glsdk && /usr/bin/cmake -E cmake_link_script CMakeFiles/glimg.dir/link.txt --verbose=
make[2]: Leaving directory '/home/jayesh/Documents/Unfolding'
/usr/bin/cmake -E cmake_echo_color --switch= --progress-dir=/home/jayesh/Documents/Unfolding/CMakeFiles --progress-num=46,47,48,49,50,51,52,53,54,55,56 "Built target glimg"
make -s -f Tutorial/gltut/glsdk/CMakeFiles/glutil.dir/build.make Tutorial/gltut/glsdk/CMakeFiles/glutil.dir/depend
make[2]: Entering directory '/home/jayesh/Documents/Unfolding'
cd /home/jayesh/Documents/Unfolding && /usr/bin/cmake -E cmake_depends "Unix Makefiles" /home/jayesh/Documents/Unfolding /home/jayesh/Documents/Unfolding/Tutorial/gltut/glsdk /home/jayesh/Documents/Unfolding /home/jayesh/Documents/Unfolding/Tutorial/gltut/glsdk /home/jayesh/Documents/Unfolding/Tutorial/gltut/glsdk/CMakeFiles/glutil.dir/DependInfo.cmake --color=
make[2]: Leaving directory '/home/jayesh/Documents/Unfolding'
make -s -f Tutorial/gltut/glsdk/CMakeFiles/glutil.dir/build.make Tutorial/gltut/glsdk/CMakeFiles/glutil.dir/build
make[2]: Entering directory '/home/jayesh/Documents/Unfolding'
/usr/bin/cmake -E cmake_echo_color --switch= --green --progress-dir=/home/jayesh/Documents/Unfolding/CMakeFiles --progress-num=60 "Building CXX object Tutorial/gltut/glsdk/CMakeFiles/glutil.dir/glutil/source/Debug.cpp.o"
cd /home/jayesh/Documents/Unfolding/Tutorial/gltut/glsdk && /usr/bin/c++  -I/home/jayesh/Documents/Unfolding/Tutorial/gltut/glsdk/glutil/include -I/home/jayesh/Documents/Unfolding/Tutorial/gltut/glsdk/glm -I/home/jayesh/Documents/Unfolding/Tutorial/gltut/glsdk/glimg/include -I/home/jayesh/Documents/Unfolding/Tutorial/gltut/glsdk/glload/include  -MD -MT Tutorial/gltut/glsdk/CMakeFiles/glutil.dir/glutil/source/Debug.cpp.o -MF CMakeFiles/glutil.dir/glutil/source/Debug.cpp.o.d -o CMakeFiles/glutil.dir/glutil/source/Debug.cpp.o -c /home/jayesh/Documents/Unfolding/Tutorial/gltut/glsdk/glutil/source/Debug.cpp
/usr/bin/cmake -E cmake_echo_color --switch= --green --progress-dir=/home/jayesh/Documents/Unfolding/CMakeFiles --progress-num=61 "Building CXX object Tutorial/gltut/glsdk/CMakeFiles/glutil.dir/glutil/source/Font.cpp.o"
cd /home/jayesh/Documents/Unfolding/Tutorial/gltut/glsdk && /usr/bin/c++  -I/home/jayesh/Documents/Unfolding/Tutorial/gltut/glsdk/glutil/include -I/home/jayesh/Documents/Unfolding/Tutorial/gltut/glsdk/glm -I/home/jayesh/Documents/Unfolding/Tutorial/gltut/glsdk/glimg/include -I/home/jayesh/Documents/Unfolding/Tutorial/gltut/glsdk/glload/include  -MD -MT Tutorial/gltut/glsdk/CMakeFiles/glutil.dir/glutil/source/Font.cpp.o -MF CMakeFiles/glutil.dir/glutil/source/Font.cpp.o.d -o CMakeFiles/glutil.dir/glutil/source/Font.cpp.o -c /home/jayesh/Documents/Unfolding/Tutorial/gltut/glsdk/glutil/source/Font.cpp
/usr/bin/cmake -E cmake_echo_color --switch= --green --progress-dir=/home/jayesh/Documents/Unfolding/CMakeFiles --progress-num=62 "Building CXX object Tutorial/gltut/glsdk/CMakeFiles/glutil.dir/glutil/source/MatrixStack.cpp.o"
cd /home/jayesh/Documents/Unfolding/Tutorial/gltut/glsdk && /usr/bin/c++  -I/home/jayesh/Documents/Unfolding/Tutorial/gltut/glsdk/glutil/include -I/home/jayesh/Documents/Unfolding/Tutorial/gltut/glsdk/glm -I/home/jayesh/Documents/Unfolding/Tutorial/gltut/glsdk/glimg/include -I/home/jayesh/Documents/Unfolding/Tutorial/gltut/glsdk/glload/include  -MD -MT Tutorial/gltut/glsdk/CMakeFiles/glutil.dir/glutil/source/MatrixStack.cpp.o -MF CMakeFiles/glutil.dir/glutil/source/MatrixStack.cpp.o.d -o CMakeFiles/glutil.dir/glutil/source/MatrixStack.cpp.o -c /home/jayesh/Documents/Unfolding/Tutorial/gltut/glsdk/glutil/source/MatrixStack.cpp
/usr/bin/cmake -E cmake_echo_color --switch= --green --progress-dir=/home/jayesh/Documents/Unfolding/CMakeFiles --progress-num=63 "Building CXX object Tutorial/gltut/glsdk/CMakeFiles/glutil.dir/glutil/source/MousePoles.cpp.o"
cd /home/jayesh/Documents/Unfolding/Tutorial/gltut/glsdk && /usr/bin/c++  -I/home/jayesh/Documents/Unfolding/Tutorial/gltut/glsdk/glutil/include -I/home/jayesh/Documents/Unfolding/Tutorial/gltut/glsdk/glm -I/home/jayesh/Documents/Unfolding/Tutorial/gltut/glsdk/glimg/include -I/home/jayesh/Documents/Unfolding/Tutorial/gltut/glsdk/glload/include  -MD -MT Tutorial/gltut/glsdk/CMakeFiles/glutil.dir/glutil/source/MousePoles.cpp.o -MF CMakeFiles/glutil.dir/glutil/source/MousePoles.cpp.o.d -o CMakeFiles/glutil.dir/glutil/source/MousePoles.cpp.o -c /home/jayesh/Documents/Unfolding/Tutorial/gltut/glsdk/glutil/source/MousePoles.cpp
/usr/bin/cmake -E cmake_echo_color --switch= --green --progress-dir=/home/jayesh/Documents/Unfolding/CMakeFiles --progress-num=64 "Building CXX object Tutorial/gltut/glsdk/CMakeFiles/glutil.dir/glutil/source/Shader.cpp.o"
cd /home/jayesh/Documents/Unfolding/Tutorial/gltut/glsdk && /usr/bin/c++  -I/home/jayesh/Documents/Unfolding/Tutorial/gltut/glsdk/glutil/include -I/home/jayesh/Documents/Unfolding/Tutorial/gltut/glsdk/glm -I/home/jayesh/Documents/Unfolding/Tutorial/gltut/glsdk/glimg/include -I/home/jayesh/Documents/Unfolding/Tutorial/gltut/glsdk/glload/include  -MD -MT Tutorial/gltut/glsdk/CMakeFiles/glutil.dir/glutil/source/Shader.cpp.o -MF CMakeFiles/glutil.dir/glutil/source/Shader.cpp.o.d -o CMakeFiles/glutil.dir/glutil/source/Shader.cpp.o -c /home/jayesh/Documents/Unfolding/Tutorial/gltut/glsdk/glutil/source/Shader.cpp
/usr/bin/cmake -E cmake_echo_color --switch= --green --progress-dir=/home/jayesh/Documents/Unfolding/CMakeFiles --progress-num=65 "Building CXX object Tutorial/gltut/glsdk/CMakeFiles/glutil.dir/glutil/source/WindowPos.cpp.o"
cd /home/jayesh/Documents/Unfolding/Tutorial/gltut/glsdk && /usr/bin/c++  -I/home/jayesh/Documents/Unfolding/Tutorial/gltut/glsdk/glutil/include -I/home/jayesh/Documents/Unfolding/Tutorial/gltut/glsdk/glm -I/home/jayesh/Documents/Unfolding/Tutorial/gltut/glsdk/glimg/include -I/home/jayesh/Documents/Unfolding/Tutorial/gltut/glsdk/glload/include  -MD -MT Tutorial/gltut/glsdk/CMakeFiles/glutil.dir/glutil/source/WindowPos.cpp.o -MF CMakeFiles/glutil.dir/glutil/source/WindowPos.cpp.o.d -o CMakeFiles/glutil.dir/glutil/source/WindowPos.cpp.o -c /home/jayesh/Documents/Unfolding/Tutorial/gltut/glsdk/glutil/source/WindowPos.cpp
/usr/bin/cmake -E cmake_echo_color --switch= --green --progress-dir=/home/jayesh/Documents/Unfolding/CMakeFiles --progress-num=66 "Building CXX object Tutorial/gltut/glsdk/CMakeFiles/glutil.dir/glutil/source/ftData.cpp.o"
cd /home/jayesh/Documents/Unfolding/Tutorial/gltut/glsdk && /usr/bin/c++  -I/home/jayesh/Documents/Unfolding/Tutorial/gltut/glsdk/glutil/include -I/home/jayesh/Documents/Unfolding/Tutorial/gltut/glsdk/glm -I/home/jayesh/Documents/Unfolding/Tutorial/gltut/glsdk/glimg/include -I/home/jayesh/Documents/Unfolding/Tutorial/gltut/glsdk/glload/include  -MD -MT Tutorial/gltut/glsdk/CMakeFiles/glutil.dir/glutil/source/ftData.cpp.o -MF CMakeFiles/glutil.dir/glutil/source/ftData.cpp.o.d -o CMakeFiles/glutil.dir/glutil/source/ftData.cpp.o -c /home/jayesh/Documents/Unfolding/Tutorial/gltut/glsdk/glutil/source/ftData.cpp
/usr/bin/cmake -E cmake_echo_color --switch= --green --bold --progress-dir=/home/jayesh/Documents/Unfolding/CMakeFiles --progress-num=67 "Linking CXX static library libglutil.a"
cd /home/jayesh/Documents/Unfolding/Tutorial/gltut/glsdk && /usr/bin/cmake -P CMakeFiles/glutil.dir/cmake_clean_target.cmake
cd /home/jayesh/Documents/Unfolding/Tutorial/gltut/glsdk && /usr/bin/cmake -E cmake_link_script CMakeFiles/glutil.dir/link.txt --verbose=
make[2]: Leaving directory '/home/jayesh/Documents/Unfolding'
/usr/bin/cmake -E cmake_echo_color --switch= --progress-dir=/home/jayesh/Documents/Unfolding/CMakeFiles --progress-num=60,61,62,63,64,65,66,67 "Built target glutil"
make -s -f Tutorial/gltut/glsdk/CMakeFiles/freeglut.dir/build.make Tutorial/gltut/glsdk/CMakeFiles/freeglut.dir/depend
make[2]: Entering directory '/home/jayesh/Documents/Unfolding'
cd /home/jayesh/Documents/Unfolding && /usr/bin/cmake -E cmake_depends "Unix Makefiles" /home/jayesh/Documents/Unfolding /home/jayesh/Documents/Unfolding/Tutorial/gltut/glsdk /home/jayesh/Documents/Unfolding /home/jayesh/Documents/Unfolding/Tutorial/gltut/glsdk /home/jayesh/Documents/Unfolding/Tutorial/gltut/glsdk/CMakeFiles/freeglut.dir/DependInfo.cmake --color=
make[2]: Leaving directory '/home/jayesh/Documents/Unfolding'
make -s -f Tutorial/gltut/glsdk/CMakeFiles/freeglut.dir/build.make Tutorial/gltut/glsdk/CMakeFiles/freeglut.dir/build
 
make[2]: Entering directory '/home/jayesh/Documents/Unfolding'
/usr/bin/cmake -E cmake_echo_color --switch= --green --progress-dir=/home/jayesh/Documents/Unfolding/CMakeFiles --progress-num=21 "Building C object Tutorial/gltut/glsdk/CMakeFiles/freeglut.dir/freeglut/src/freeglut_callbacks.c.o"
cd /home/jayesh/Documents/Unfolding/Tutorial/gltut/glsdk && /usr/bin/cc -DFREEGLUT_LIB_PRAGMAS=0 -DFREEGLUT_STATIC -DHAVE_CONFIG_H -I/home/jayesh/Documents/Unfolding/Tutorial/gltut/glsdk/freeglut/include -I/home/jayesh/Documents/Unfolding/Tutorial/gltut/glsdk/freeglut  -MD -MT Tutorial/gltut/glsdk/CMakeFiles/freeglut.dir/freeglut/src/freeglut_callbacks.c.o -MF CMakeFiles/freeglut.dir/freeglut/src/freeglut_callbacks.c.o.d -o CMakeFiles/freeglut.dir/freeglut/src/freeglut_callbacks.c.o -c /home/jayesh/Documents/Unfolding/Tutorial/gltut/glsdk/freeglut/src/freeglut_callbacks.c
/usr/bin/cmake -E cmake_echo_color --switch= --green --progress-dir=/home/jayesh/Documents/Unfolding/CMakeFiles --progress-num=22 "Building C object Tutorial/gltut/glsdk/CMakeFiles/freeglut.dir/freeglut/src/freeglut_cursor.c.o"
cd /home/jayesh/Documents/Unfolding/Tutorial/gltut/glsdk && /usr/bin/cc -DFREEGLUT_LIB_PRAGMAS=0 -DFREEGLUT_STATIC -DHAVE_CONFIG_H -I/home/jayesh/Documents/Unfolding/Tutorial/gltut/glsdk/freeglut/include -I/home/jayesh/Documents/Unfolding/Tutorial/gltut/glsdk/freeglut  -MD -MT Tutorial/gltut/glsdk/CMakeFiles/freeglut.dir/freeglut/src/freeglut_cursor.c.o -MF CMakeFiles/freeglut.dir/freeglut/src/freeglut_cursor.c.o.d -o CMakeFiles/freeglut.dir/freeglut/src/freeglut_cursor.c.o -c /home/jayesh/Documents/Unfolding/Tutorial/gltut/glsdk/freeglut/src/freeglut_cursor.c
/usr/bin/cmake -E cmake_echo_color --switch= --green --progress-dir=/home/jayesh/Documents/Unfolding/CMakeFiles --progress-num=23 "Building C object Tutorial/gltut/glsdk/CMakeFiles/freeglut.dir/freeglut/src/freeglut_display.c.o"
cd /home/jayesh/Documents/Unfolding/Tutorial/gltut/glsdk && /usr/bin/cc -DFREEGLUT_LIB_PRAGMAS=0 -DFREEGLUT_STATIC -DHAVE_CONFIG_H -I/home/jayesh/Documents/Unfolding/Tutorial/gltut/glsdk/freeglut/include -I/home/jayesh/Documents/Unfolding/Tutorial/gltut/glsdk/freeglut  -MD -MT Tutorial/gltut/glsdk/CMakeFiles/freeglut.dir/freeglut/src/freeglut_display.c.o -MF CMakeFiles/freeglut.dir/freeglut/src/freeglut_display.c.o.d -o CMakeFiles/freeglut.dir/freeglut/src/freeglut_display.c.o -c /home/jayesh/Documents/Unfolding/Tutorial/gltut/glsdk/freeglut/src/freeglut_display.c
/usr/bin/cmake -E cmake_echo_color --switch= --green --progress-dir=/home/jayesh/Documents/Unfolding/CMakeFiles --progress-num=24 "Building C object Tutorial/gltut/glsdk/CMakeFiles/freeglut.dir/freeglut/src/freeglut_ext.c.o"
cd /home/jayesh/Documents/Unfolding/Tutorial/gltut/glsdk && /usr/bin/cc -DFREEGLUT_LIB_PRAGMAS=0 -DFREEGLUT_STATIC -DHAVE_CONFIG_H -I/home/jayesh/Documents/Unfolding/Tutorial/gltut/glsdk/freeglut/include -I/home/jayesh/Documents/Unfolding/Tutorial/gltut/glsdk/freeglut  -MD -MT Tutorial/gltut/glsdk/CMakeFiles/freeglut.dir/freeglut/src/freeglut_ext.c.o -MF CMakeFiles/freeglut.dir/freeglut/src/freeglut_ext.c.o.d -o CMakeFiles/freeglut.dir/freeglut/src/freeglut_ext.c.o -c /home/jayesh/Documents/Unfolding/Tutorial/gltut/glsdk/freeglut/src/freeglut_ext.c
/usr/bin/cmake -E cmake_echo_color --switch= --green --progress-dir=/home/jayesh/Documents/Unfolding/CMakeFiles --progress-num=25 "Building C object Tutorial/gltut/glsdk/CMakeFiles/freeglut.dir/freeglut/src/freeglut_font.c.o"
cd /home/jayesh/Documents/Unfolding/Tutorial/gltut/glsdk && /usr/bin/cc -DFREEGLUT_LIB_PRAGMAS=0 -DFREEGLUT_STATIC -DHAVE_CONFIG_H -I/home/jayesh/Documents/Unfolding/Tutorial/gltut/glsdk/freeglut/include -I/home/jayesh/Documents/Unfolding/Tutorial/gltut/glsdk/freeglut  -MD -MT Tutorial/gltut/glsdk/CMakeFiles/freeglut.dir/freeglut/src/freeglut_font.c.o -MF CMakeFiles/freeglut.dir/freeglut/src/freeglut_font.c.o.d -o CMakeFiles/freeglut.dir/freeglut/src/freeglut_font.c.o -c /home/jayesh/Documents/Unfolding/Tutorial/gltut/glsdk/freeglut/src/freeglut_font.c
/usr/bin/cmake -E cmake_echo_color --switch= --green --progress-dir=/home/jayesh/Documents/Unfolding/CMakeFiles --progress-num=26 "Building C object Tutorial/gltut/glsdk/CMakeFiles/freeglut.dir/freeglut/src/freeglut_font_data.c.o"
cd /home/jayesh/Documents/Unfolding/Tutorial/gltut/glsdk && /usr/bin/cc -DFREEGLUT_LIB_PRAGMAS=0 -DFREEGLUT_STATIC -DHAVE_CONFIG_H -I/home/jayesh/Documents/Unfolding/Tutorial/gltut/glsdk/freeglut/include -I/home/jayesh/Documents/Unfolding/Tutorial/gltut/glsdk/freeglut  -MD -MT Tutorial/gltut/glsdk/CMakeFiles/freeglut.dir/freeglut/src/freeglut_font_data.c.o -MF CMakeFiles/freeglut.dir/freeglut/src/freeglut_font_data.c.o.d -o CMakeFiles/freeglut.dir/freeglut/src/freeglut_font_data.c.o -c /home/jayesh/Documents/Unfolding/Tutorial/gltut/glsdk/freeglut/src/freeglut_font_data.c
/usr/bin/cmake -E cmake_echo_color --switch= --green --progress-dir=/home/jayesh/Documents/Unfolding/CMakeFiles --progress-num=27 "Building C object Tutorial/gltut/glsdk/CMakeFiles/freeglut.dir/freeglut/src/freeglut_gamemode.c.o"
cd /home/jayesh/Documents/Unfolding/Tutorial/gltut/glsdk && /usr/bin/cc -DFREEGLUT_LIB_PRAGMAS=0 -DFREEGLUT_STATIC -DHAVE_CONFIG_H -I/home/jayesh/Documents/Unfolding/Tutorial/gltut/glsdk/freeglut/include -I/home/jayesh/Documents/Unfolding/Tutorial/gltut/glsdk/freeglut  -MD -MT Tutorial/gltut/glsdk/CMakeFiles/freeglut.dir/freeglut/src/freeglut_gamemode.c.o -MF CMakeFiles/freeglut.dir/freeglut/src/freeglut_gamemode.c.o.d -o CMakeFiles/freeglut.dir/freeglut/src/freeglut_gamemode.c.o -c /home/jayesh/Documents/Unfolding/Tutorial/gltut/glsdk/freeglut/src/freeglut_gamemode.c
/usr/bin/cmake -E cmake_echo_color --switch= --green --progress-dir=/home/jayesh/Documents/Unfolding/CMakeFiles --progress-num=28 "Building C object Tutorial/gltut/glsdk/CMakeFiles/freeglut.dir/freeglut/src/freeglut_geometry.c.o"
cd /home/jayesh/Documents/Unfolding/Tutorial/gltut/glsdk && /usr/bin/cc -DFREEGLUT_LIB_PRAGMAS=0 -DFREEGLUT_STATIC -DHAVE_CONFIG_H -I/home/jayesh/Documents/Unfolding/Tutorial/gltut/glsdk/freeglut/include -I/home/jayesh/Documents/Unfolding/Tutorial/gltut/glsdk/freeglut  -MD -MT Tutorial/gltut/glsdk/CMakeFiles/freeglut.dir/freeglut/src/freeglut_geometry.c.o -MF CMakeFiles/freeglut.dir/freeglut/src/freeglut_geometry.c.o.d -o CMakeFiles/freeglut.dir/freeglut/src/freeglut_geometry.c.o -c /home/jayesh/Documents/Unfolding/Tutorial/gltut/glsdk/freeglut/src/freeglut_geometry.c
/usr/bin/cmake -E cmake_echo_color --switch= --green --progress-dir=/home/jayesh/Documents/Unfolding/CMakeFiles --progress-num=29 "Building C object Tutorial/gltut/glsdk/CMakeFiles/freeglut.dir/freeglut/src/freeglut_glutfont_definitions.c.o"
cd /home/jayesh/Documents/Unfolding/Tutorial/gltut/glsdk && /usr/bin/cc -DFREEGLUT_LIB_PRAGMAS=0 -DFREEGLUT_STATIC -DHAVE_CONFIG_H -I/home/jayesh/Documents/Unfolding/Tutorial/gltut/glsdk/freeglut/include -I/home/jayesh/Documents/Unfolding/Tutorial/gltut/glsdk/freeglut  -MD -MT Tutorial/gltut/glsdk/CMakeFiles/freeglut.dir/freeglut/src/freeglut_glutfont_definitions.c.o -MF CMakeFiles/freeglut.dir/freeglut/src/freeglut_glutfont_definitions.c.o.d -o CMakeFiles/freeglut.dir/freeglut/src/freeglut_glutfont_definitions.c.o -c /home/jayesh/Documents/Unfolding/Tutorial/gltut/glsdk/freeglut/src/freeglut_glutfont_definitions.c
/usr/bin/cmake -E cmake_echo_color --switch= --green --progress-dir=/home/jayesh/Documents/Unfolding/CMakeFiles --progress-num=30 "Building C object Tutorial/gltut/glsdk/CMakeFiles/freeglut.dir/freeglut/src/freeglut_init.c.o"
cd /home/jayesh/Documents/Unfolding/Tutorial/gltut/glsdk && /usr/bin/cc -DFREEGLUT_LIB_PRAGMAS=0 -DFREEGLUT_STATIC -DHAVE_CONFIG_H -I/home/jayesh/Documents/Unfolding/Tutorial/gltut/glsdk/freeglut/include -I/home/jayesh/Documents/Unfolding/Tutorial/gltut/glsdk/freeglut  -MD -MT Tutorial/gltut/glsdk/CMakeFiles/freeglut.dir/freeglut/src/freeglut_init.c.o -MF CMakeFiles/freeglut.dir/freeglut/src/freeglut_init.c.o.d -o CMakeFiles/freeglut.dir/freeglut/src/freeglut_init.c.o -c /home/jayesh/Documents/Unfolding/Tutorial/gltut/glsdk/freeglut/src/freeglut_init.c
/usr/bin/cmake -E cmake_echo_color --switch= --green --progress-dir=/home/jayesh/Documents/Unfolding/CMakeFiles --progress-num=31 "Building C object Tutorial/gltut/glsdk/CMakeFiles/freeglut.dir/freeglut/src/freeglut_input_devices.c.o"
cd /home/jayesh/Documents/Unfolding/Tutorial/gltut/glsdk && /usr/bin/cc -DFREEGLUT_LIB_PRAGMAS=0 -DFREEGLUT_STATIC -DHAVE_CONFIG_H -I/home/jayesh/Documents/Unfolding/Tutorial/gltut/glsdk/freeglut/include -I/home/jayesh/Documents/Unfolding/Tutorial/gltut/glsdk/freeglut  -MD -MT Tutorial/gltut/glsdk/CMakeFiles/freeglut.dir/freeglut/src/freeglut_input_devices.c.o -MF CMakeFiles/freeglut.dir/freeglut/src/freeglut_input_devices.c.o.d -o CMakeFiles/freeglut.dir/freeglut/src/freeglut_input_devices.c.o -c /home/jayesh/Documents/Unfolding/Tutorial/gltut/glsdk/freeglut/src/freeglut_input_devices.c
/usr/bin/cmake -E cmake_echo_color --switch= --green --progress-dir=/home/jayesh/Documents/Unfolding/CMakeFiles --progress-num=32 "Building C object Tutorial/gltut/glsdk/CMakeFiles/freeglut.dir/freeglut/src/freeglut_joystick.c.o"
cd /home/jayesh/Documents/Unfolding/Tutorial/gltut/glsdk && /usr/bin/cc -DFREEGLUT_LIB_PRAGMAS=0 -DFREEGLUT_STATIC -DHAVE_CONFIG_H -I/home/jayesh/Documents/Unfolding/Tutorial/gltut/glsdk/freeglut/include -I/home/jayesh/Documents/Unfolding/Tutorial/gltut/glsdk/freeglut  -MD -MT Tutorial/gltut/glsdk/CMakeFiles/freeglut.dir/freeglut/src/freeglut_joystick.c.o -MF CMakeFiles/freeglut.dir/freeglut/src/freeglut_joystick.c.o.d -o CMakeFiles/freeglut.dir/freeglut/src/freeglut_joystick.c.o -c /home/jayesh/Documents/Unfolding/Tutorial/gltut/glsdk/freeglut/src/freeglut_joystick.c
/usr/bin/cmake -E cmake_echo_color --switch= --green --progress-dir=/home/jayesh/Documents/Unfolding/CMakeFiles --progress-num=33 "Building C object Tutorial/gltut/glsdk/CMakeFiles/freeglut.dir/freeglut/src/freeglut_main.c.o"
cd /home/jayesh/Documents/Unfolding/Tutorial/gltut/glsdk && /usr/bin/cc -DFREEGLUT_LIB_PRAGMAS=0 -DFREEGLUT_STATIC -DHAVE_CONFIG_H -I/home/jayesh/Documents/Unfolding/Tutorial/gltut/glsdk/freeglut/include -I/home/jayesh/Documents/Unfolding/Tutorial/gltut/glsdk/freeglut  -MD -MT Tutorial/gltut/glsdk/CMakeFiles/freeglut.dir/freeglut/src/freeglut_main.c.o -MF CMakeFiles/freeglut.dir/freeglut/src/freeglut_main.c.o.d -o CMakeFiles/freeglut.dir/freeglut/src/freeglut_main.c.o -c /home/jayesh/Documents/Unfolding/Tutorial/gltut/glsdk/freeglut/src/freeglut_main.c
/usr/bin/cmake -E cmake_echo_color --switch= --green --progress-dir=/home/jayesh/Documents/Unfolding/CMakeFiles --progress-num=34 "Building C object Tutorial/gltut/glsdk/CMakeFiles/freeglut.dir/freeglut/src/freeglut_menu.c.o"
cd /home/jayesh/Documents/Unfolding/Tutorial/gltut/glsdk && /usr/bin/cc -DFREEGLUT_LIB_PRAGMAS=0 -DFREEGLUT_STATIC -DHAVE_CONFIG_H -I/home/jayesh/Documents/Unfolding/Tutorial/gltut/glsdk/freeglut/include -I/home/jayesh/Documents/Unfolding/Tutorial/gltut/glsdk/freeglut  -MD -MT Tutorial/gltut/glsdk/CMakeFiles/freeglut.dir/freeglut/src/freeglut_menu.c.o -MF CMakeFiles/freeglut.dir/freeglut/src/freeglut_menu.c.o.d -o CMakeFiles/freeglut.dir/freeglut/src/freeglut_menu.c.o -c /home/jayesh/Documents/Unfolding/Tutorial/gltut/glsdk/freeglut/src/freeglut_menu.c
/usr/bin/cmake -E cmake_echo_color --switch= --green --progress-dir=/home/jayesh/Documents/Unfolding/CMakeFiles --progress-num=35 "Building C object Tutorial/gltut/glsdk/CMakeFiles/freeglut.dir/freeglut/src/freeglut_misc.c.o"
cd /home/jayesh/Documents/Unfolding/Tutorial/gltut/glsdk && /usr/bin/cc -DFREEGLUT_LIB_PRAGMAS=0 -DFREEGLUT_STATIC -DHAVE_CONFIG_H -I/home/jayesh/Documents/Unfolding/Tutorial/gltut/glsdk/freeglut/include -I/home/jayesh/Documents/Unfolding/Tutorial/gltut/glsdk/freeglut  -MD -MT Tutorial/gltut/glsdk/CMakeFiles/freeglut.dir/freeglut/src/freeglut_misc.c.o -MF CMakeFiles/freeglut.dir/freeglut/src/freeglut_misc.c.o.d -o CMakeFiles/freeglut.dir/freeglut/src/freeglut_misc.c.o -c /home/jayesh/Documents/Unfolding/Tutorial/gltut/glsdk/freeglut/src/freeglut_misc.c
/usr/bin/cmake -E cmake_echo_color --switch= --green --progress-dir=/home/jayesh/Documents/Unfolding/CMakeFiles --progress-num=36 "Building C object Tutorial/gltut/glsdk/CMakeFiles/freeglut.dir/freeglut/src/freeglut_overlay.c.o"
cd /home/jayesh/Documents/Unfolding/Tutorial/gltut/glsdk && /usr/bin/cc -DFREEGLUT_LIB_PRAGMAS=0 -DFREEGLUT_STATIC -DHAVE_CONFIG_H -I/home/jayesh/Documents/Unfolding/Tutorial/gltut/glsdk/freeglut/include -I/home/jayesh/Documents/Unfolding/Tutorial/gltut/glsdk/freeglut  -MD -MT Tutorial/gltut/glsdk/CMakeFiles/freeglut.dir/freeglut/src/freeglut_overlay.c.o -MF CMakeFiles/freeglut.dir/freeglut/src/freeglut_overlay.c.o.d -o CMakeFiles/freeglut.dir/freeglut/src/freeglut_overlay.c.o -c /home/jayesh/Documents/Unfolding/Tutorial/gltut/glsdk/freeglut/src/freeglut_overlay.c
/usr/bin/cmake -E cmake_echo_color --switch= --green --progress-dir=/home/jayesh/Documents/Unfolding/CMakeFiles --progress-num=37 "Building C object Tutorial/gltut/glsdk/CMakeFiles/freeglut.dir/freeglut/src/freeglut_spaceball.c.o"
cd /home/jayesh/Documents/Unfolding/Tutorial/gltut/glsdk && /usr/bin/cc -DFREEGLUT_LIB_PRAGMAS=0 -DFREEGLUT_STATIC -DHAVE_CONFIG_H -I/home/jayesh/Documents/Unfolding/Tutorial/gltut/glsdk/freeglut/include -I/home/jayesh/Documents/Unfolding/Tutorial/gltut/glsdk/freeglut  -MD -MT Tutorial/gltut/glsdk/CMakeFiles/freeglut.dir/freeglut/src/freeglut_spaceball.c.o -MF CMakeFiles/freeglut.dir/freeglut/src/freeglut_spaceball.c.o.d -o CMakeFiles/freeglut.dir/freeglut/src/freeglut_spaceball.c.o -c /home/jayesh/Documents/Unfolding/Tutorial/gltut/glsdk/freeglut/src/freeglut_spaceball.c
/usr/bin/cmake -E cmake_echo_color --switch= --green --progress-dir=/home/jayesh/Documents/Unfolding/CMakeFiles --progress-num=38 "Building C object Tutorial/gltut/glsdk/CMakeFiles/freeglut.dir/freeglut/src/freeglut_state.c.o"
cd /home/jayesh/Documents/Unfolding/Tutorial/gltut/glsdk && /usr/bin/cc -DFREEGLUT_LIB_PRAGMAS=0 -DFREEGLUT_STATIC -DHAVE_CONFIG_H -I/home/jayesh/Documents/Unfolding/Tutorial/gltut/glsdk/freeglut/include -I/home/jayesh/Documents/Unfolding/Tutorial/gltut/glsdk/freeglut  -MD -MT Tutorial/gltut/glsdk/CMakeFiles/freeglut.dir/freeglut/src/freeglut_state.c.o -MF CMakeFiles/freeglut.dir/freeglut/src/freeglut_state.c.o.d -o CMakeFiles/freeglut.dir/freeglut/src/freeglut_state.c.o -c /home/jayesh/Documents/Unfolding/Tutorial/gltut/glsdk/freeglut/src/freeglut_state.c
/usr/bin/cmake -E cmake_echo_color --switch= --green --progress-dir=/home/jayesh/Documents/Unfolding/CMakeFiles --progress-num=39 "Building C object Tutorial/gltut/glsdk/CMakeFiles/freeglut.dir/freeglut/src/freeglut_stroke_mono_roman.c.o"
cd /home/jayesh/Documents/Unfolding/Tutorial/gltut/glsdk && /usr/bin/cc -DFREEGLUT_LIB_PRAGMAS=0 -DFREEGLUT_STATIC -DHAVE_CONFIG_H -I/home/jayesh/Documents/Unfolding/Tutorial/gltut/glsdk/freeglut/include -I/home/jayesh/Documents/Unfolding/Tutorial/gltut/glsdk/freeglut  -MD -MT Tutorial/gltut/glsdk/CMakeFiles/freeglut.dir/freeglut/src/freeglut_stroke_mono_roman.c.o -MF CMakeFiles/freeglut.dir/freeglut/src/freeglut_stroke_mono_roman.c.o.d -o CMakeFiles/freeglut.dir/freeglut/src/freeglut_stroke_mono_roman.c.o -c /home/jayesh/Documents/Unfolding/Tutorial/gltut/glsdk/freeglut/src/freeglut_stroke_mono_roman.c
/usr/bin/cmake -E cmake_echo_color --switch= --green --progress-dir=/home/jayesh/Documents/Unfolding/CMakeFiles --progress-num=40 "Building C object Tutorial/gltut/glsdk/CMakeFiles/freeglut.dir/freeglut/src/freeglut_stroke_roman.c.o"
cd /home/jayesh/Documents/Unfolding/Tutorial/gltut/glsdk && /usr/bin/cc -DFREEGLUT_LIB_PRAGMAS=0 -DFREEGLUT_STATIC -DHAVE_CONFIG_H -I/home/jayesh/Documents/Unfolding/Tutorial/gltut/glsdk/freeglut/include -I/home/jayesh/Documents/Unfolding/Tutorial/gltut/glsdk/freeglut  -MD -MT Tutorial/gltut/glsdk/CMakeFiles/freeglut.dir/freeglut/src/freeglut_stroke_roman.c.o -MF CMakeFiles/freeglut.dir/freeglut/src/freeglut_stroke_roman.c.o.d -o CMakeFiles/freeglut.dir/freeglut/src/freeglut_stroke_roman.c.o -c /home/jayesh/Documents/Unfolding/Tutorial/gltut/glsdk/freeglut/src/freeglut_stroke_roman.c
/usr/bin/cmake -E cmake_echo_color --switch= --green --progress-dir=/home/jayesh/Documents/Unfolding/CMakeFiles --progress-num=41 "Building C object Tutorial/gltut/glsdk/CMakeFiles/freeglut.dir/freeglut/src/freeglut_structure.c.o"
cd /home/jayesh/Documents/Unfolding/Tutorial/gltut/glsdk && /usr/bin/cc -DFREEGLUT_LIB_PRAGMAS=0 -DFREEGLUT_STATIC -DHAVE_CONFIG_H -I/home/jayesh/Documents/Unfolding/Tutorial/gltut/glsdk/freeglut/include -I/home/jayesh/Documents/Unfolding/Tutorial/gltut/glsdk/freeglut  -MD -MT Tutorial/gltut/glsdk/CMakeFiles/freeglut.dir/freeglut/src/freeglut_structure.c.o -MF CMakeFiles/freeglut.dir/freeglut/src/freeglut_structure.c.o.d -o CMakeFiles/freeglut.dir/freeglut/src/freeglut_structure.c.o -c /home/jayesh/Documents/Unfolding/Tutorial/gltut/glsdk/freeglut/src/freeglut_structure.c
/usr/bin/cmake -E cmake_echo_color --switch= --green --progress-dir=/home/jayesh/Documents/Unfolding/CMakeFiles --progress-num=42 "Building C object Tutorial/gltut/glsdk/CMakeFiles/freeglut.dir/freeglut/src/freeglut_teapot.c.o"
cd /home/jayesh/Documents/Unfolding/Tutorial/gltut/glsdk && /usr/bin/cc -DFREEGLUT_LIB_PRAGMAS=0 -DFREEGLUT_STATIC -DHAVE_CONFIG_H -I/home/jayesh/Documents/Unfolding/Tutorial/gltut/glsdk/freeglut/include -I/home/jayesh/Documents/Unfolding/Tutorial/gltut/glsdk/freeglut  -MD -MT Tutorial/gltut/glsdk/CMakeFiles/freeglut.dir/freeglut/src/freeglut_teapot.c.o -MF CMakeFiles/freeglut.dir/freeglut/src/freeglut_teapot.c.o.d -o CMakeFiles/freeglut.dir/freeglut/src/freeglut_teapot.c.o -c /home/jayesh/Documents/Unfolding/Tutorial/gltut/glsdk/freeglut/src/freeglut_teapot.c
/usr/bin/cmake -E cmake_echo_color --switch= --green --progress-dir=/home/jayesh/Documents/Unfolding/CMakeFiles --progress-num=43 "Building C object Tutorial/gltut/glsdk/CMakeFiles/freeglut.dir/freeglut/src/freeglut_videoresize.c.o"
cd /home/jayesh/Documents/Unfolding/Tutorial/gltut/glsdk && /usr/bin/cc -DFREEGLUT_LIB_PRAGMAS=0 -DFREEGLUT_STATIC -DHAVE_CONFIG_H -I/home/jayesh/Documents/Unfolding/Tutorial/gltut/glsdk/freeglut/include -I/home/jayesh/Documents/Unfolding/Tutorial/gltut/glsdk/freeglut  -MD -MT Tutorial/gltut/glsdk/CMakeFiles/freeglut.dir/freeglut/src/freeglut_videoresize.c.o -MF CMakeFiles/freeglut.dir/freeglut/src/freeglut_videoresize.c.o.d -o CMakeFiles/freeglut.dir/freeglut/src/freeglut_videoresize.c.o -c /home/jayesh/Documents/Unfolding/Tutorial/gltut/glsdk/freeglut/src/freeglut_videoresize.c
/usr/bin/cmake -E cmake_echo_color --switch= --green --progress-dir=/home/jayesh/Documents/Unfolding/CMakeFiles --progress-num=44 "Building C object Tutorial/gltut/glsdk/CMakeFiles/freeglut.dir/freeglut/src/freeglut_window.c.o"
cd /home/jayesh/Documents/Unfolding/Tutorial/gltut/glsdk && /usr/bin/cc -DFREEGLUT_LIB_PRAGMAS=0 -DFREEGLUT_STATIC -DHAVE_CONFIG_H -I/home/jayesh/Documents/Unfolding/Tutorial/gltut/glsdk/freeglut/include -I/home/jayesh/Documents/Unfolding/Tutorial/gltut/glsdk/freeglut  -MD -MT Tutorial/gltut/glsdk/CMakeFiles/freeglut.dir/freeglut/src/freeglut_window.c.o -MF CMakeFiles/freeglut.dir/freeglut/src/freeglut_window.c.o.d -o CMakeFiles/freeglut.dir/freeglut/src/freeglut_window.c.o -c /home/jayesh/Documents/Unfolding/Tutorial/gltut/glsdk/freeglut/src/freeglut_window.c
/usr/bin/cmake -E cmake_echo_color --switch= --green --bold --progress-dir=/home/jayesh/Documents/Unfolding/CMakeFiles --progress-num=45 "Linking C static library libfreeglut.a"
cd /home/jayesh/Documents/Unfolding/Tutorial/gltut/glsdk && /usr/bin/cmake -P CMakeFiles/freeglut.dir/cmake_clean_target.cmake
cd /home/jayesh/Documents/Unfolding/Tutorial/gltut/glsdk && /usr/bin/cmake -E cmake_link_script CMakeFiles/freeglut.dir/link.txt --verbose=
make[2]: Leaving directory '/home/jayesh/Documents/Unfolding'
/usr/bin/cmake -E cmake_echo_color --switch= --progress-dir=/home/jayesh/Documents/Unfolding/CMakeFiles --progress-num=21,22,23,24,25,26,27,28,29,30,31,32,33,34,35,36,37,38,39,40,41,42,43,44,45 "Built target freeglut"
make -s -f Tutorial/gltut/framework/CMakeFiles/framework.dir/build.make Tutorial/gltut/framework/CMakeFiles/framework.dir/depend
make[2]: Entering directory '/home/jayesh/Documents/Unfolding'
cd /home/jayesh/Documents/Unfolding && /usr/bin/cmake -E cmake_depends "Unix Makefiles" /home/jayesh/Documents/Unfolding /home/jayesh/Documents/Unfolding/Tutorial/gltut/framework /home/jayesh/Documents/Unfolding /home/jayesh/Documents/Unfolding/Tutorial/gltut/framework /home/jayesh/Documents/Unfolding/Tutorial/gltut/framework/CMakeFiles/framework.dir/DependInfo.cmake --color=
make[2]: Leaving directory '/home/jayesh/Documents/Unfolding'
make -s -f Tutorial/gltut/framework/CMakeFiles/framework.dir/build.make Tutorial/gltut/framework/CMakeFiles/framework.dir/build
make[2]: Entering directory '/home/jayesh/Documents/Unfolding'
/usr/bin/cmake -E cmake_echo_color --switch= --green --progress-dir=/home/jayesh/Documents/Unfolding/CMakeFiles --progress-num=15 "Building CXX object Tutorial/gltut/framework/CMakeFiles/framework.dir/Mesh.cpp.o"
cd /home/jayesh/Documents/Unfolding/Tutorial/gltut/framework && /usr/bin/c++ -DFREEGLUT_LIB_PRAGMAS=0 -DFREEGLUT_STATIC -I/home/jayesh/Documents/Unfolding/Tutorial/gltut/framework/. -I/home/jayesh/Documents/Unfolding/glsdk/glm -I/home/jayesh/Documents/Unfolding/Tutorial/gltut/glsdk/glload/include -I/home/jayesh/Documents/Unfolding/Tutorial/gltut/glsdk/glimg/include -I/home/jayesh/Documents/Unfolding/Tutorial/gltut/glsdk/glutil/include -I/home/jayesh/Documents/Unfolding/Tutorial/gltut/glsdk/glm -I/home/jayesh/Documents/Unfolding/Tutorial/gltut/glsdk/freeglut/include -I/home/jayesh/Documents/Unfolding/Tutorial/gltut/glsdk/freeglut  -MD -MT Tutorial/gltut/framework/CMakeFiles/framework.dir/Mesh.cpp.o -MF CMakeFiles/framework.dir/Mesh.cpp.o.d -o CMakeFiles/framework.dir/Mesh.cpp.o -c /home/jayesh/Documents/Unfolding/Tutorial/gltut/framework/Mesh.cpp
/usr/bin/cmake -E cmake_echo_color --switch= --green --progress-dir=/home/jayesh/Documents/Unfolding/CMakeFiles --progress-num=16 "Building CXX object Tutorial/gltut/framework/CMakeFiles/framework.dir/Scene.cpp.o"
cd /home/jayesh/Documents/Unfolding/Tutorial/gltut/framework && /usr/bin/c++ -DFREEGLUT_LIB_PRAGMAS=0 -DFREEGLUT_STATIC -I/home/jayesh/Documents/Unfolding/Tutorial/gltut/framework/. -I/home/jayesh/Documents/Unfolding/glsdk/glm -I/home/jayesh/Documents/Unfolding/Tutorial/gltut/glsdk/glload/include -I/home/jayesh/Documents/Unfolding/Tutorial/gltut/glsdk/glimg/include -I/home/jayesh/Documents/Unfolding/Tutorial/gltut/glsdk/glutil/include -I/home/jayesh/Documents/Unfolding/Tutorial/gltut/glsdk/glm -I/home/jayesh/Documents/Unfolding/Tutorial/gltut/glsdk/freeglut/include -I/home/jayesh/Documents/Unfolding/Tutorial/gltut/glsdk/freeglut  -MD -MT Tutorial/gltut/framework/CMakeFiles/framework.dir/Scene.cpp.o -MF CMakeFiles/framework.dir/Scene.cpp.o.d -o CMakeFiles/framework.dir/Scene.cpp.o -c /home/jayesh/Documents/Unfolding/Tutorial/gltut/framework/Scene.cpp
/usr/bin/cmake -E cmake_echo_color --switch= --green --progress-dir=/home/jayesh/Documents/Unfolding/CMakeFiles --progress-num=17 "Building CXX object Tutorial/gltut/framework/CMakeFiles/framework.dir/Timer.cpp.o"
cd /home/jayesh/Documents/Unfolding/Tutorial/gltut/framework && /usr/bin/c++ -DFREEGLUT_LIB_PRAGMAS=0 -DFREEGLUT_STATIC -I/home/jayesh/Documents/Unfolding/Tutorial/gltut/framework/. -I/home/jayesh/Documents/Unfolding/glsdk/glm -I/home/jayesh/Documents/Unfolding/Tutorial/gltut/glsdk/glload/include -I/home/jayesh/Documents/Unfolding/Tutorial/gltut/glsdk/glimg/include -I/home/jayesh/Documents/Unfolding/Tutorial/gltut/glsdk/glutil/include -I/home/jayesh/Documents/Unfolding/Tutorial/gltut/glsdk/glm -I/home/jayesh/Documents/Unfolding/Tutorial/gltut/glsdk/freeglut/include -I/home/jayesh/Documents/Unfolding/Tutorial/gltut/glsdk/freeglut  -MD -MT Tutorial/gltut/framework/CMakeFiles/framework.dir/Timer.cpp.o -MF CMakeFiles/framework.dir/Timer.cpp.o.d -o CMakeFiles/framework.dir/Timer.cpp.o -c /home/jayesh/Documents/Unfolding/Tutorial/gltut/framework/Timer.cpp
/usr/bin/cmake -E cmake_echo_color --switch= --green --progress-dir=/home/jayesh/Documents/Unfolding/CMakeFiles --progress-num=18 "Building CXX object Tutorial/gltut/framework/CMakeFiles/framework.dir/empty.cpp.o"
cd /home/jayesh/Documents/Unfolding/Tutorial/gltut/framework && /usr/bin/c++ -DFREEGLUT_LIB_PRAGMAS=0 -DFREEGLUT_STATIC -I/home/jayesh/Documents/Unfolding/Tutorial/gltut/framework/. -I/home/jayesh/Documents/Unfolding/glsdk/glm -I/home/jayesh/Documents/Unfolding/Tutorial/gltut/glsdk/glload/include -I/home/jayesh/Documents/Unfolding/Tutorial/gltut/glsdk/glimg/include -I/home/jayesh/Documents/Unfolding/Tutorial/gltut/glsdk/glutil/include -I/home/jayesh/Documents/Unfolding/Tutorial/gltut/glsdk/glm -I/home/jayesh/Documents/Unfolding/Tutorial/gltut/glsdk/freeglut/include -I/home/jayesh/Documents/Unfolding/Tutorial/gltut/glsdk/freeglut  -MD -MT Tutorial/gltut/framework/CMakeFiles/framework.dir/empty.cpp.o -MF CMakeFiles/framework.dir/empty.cpp.o.d -o CMakeFiles/framework.dir/empty.cpp.o -c /home/jayesh/Documents/Unfolding/Tutorial/gltut/framework/empty.cpp
/usr/bin/cmake -E cmake_echo_color --switch= --green --progress-dir=/home/jayesh/Documents/Unfolding/CMakeFiles --progress-num=19 "Building CXX object Tutorial/gltut/framework/CMakeFiles/framework.dir/framework.cpp.o"
cd /home/jayesh/Documents/Unfolding/Tutorial/gltut/framework && /usr/bin/c++ -DFREEGLUT_LIB_PRAGMAS=0 -DFREEGLUT_STATIC -I/home/jayesh/Documents/Unfolding/Tutorial/gltut/framework/. -I/home/jayesh/Documents/Unfolding/glsdk/glm -I/home/jayesh/Documents/Unfolding/Tutorial/gltut/glsdk/glload/include -I/home/jayesh/Documents/Unfolding/Tutorial/gltut/glsdk/glimg/include -I/home/jayesh/Documents/Unfolding/Tutorial/gltut/glsdk/glutil/include -I/home/jayesh/Documents/Unfolding/Tutorial/gltut/glsdk/glm -I/home/jayesh/Documents/Unfolding/Tutorial/gltut/glsdk/freeglut/include -I/home/jayesh/Documents/Unfolding/Tutorial/gltut/glsdk/freeglut  -MD -MT Tutorial/gltut/framework/CMakeFiles/framework.dir/framework.cpp.o -MF CMakeFiles/framework.dir/framework.cpp.o.d -o CMakeFiles/framework.dir/framework.cpp.o -c /home/jayesh/Documents/Unfolding/Tutorial/gltut/framework/framework.cpp
/usr/bin/cmake -E cmake_echo_color --switch= --green --bold --progress-dir=/home/jayesh/Documents/Unfolding/CMakeFiles --progress-num=20 "Linking CXX static library libframework.a"
cd /home/jayesh/Documents/Unfolding/Tutorial/gltut/framework && /usr/bin/cmake -P CMakeFiles/framework.dir/cmake_clean_target.cmake
cd /home/jayesh/Documents/Unfolding/Tutorial/gltut/framework && /usr/bin/cmake -E cmake_link_script CMakeFiles/framework.dir/link.txt --verbose=
make[2]: Leaving directory '/home/jayesh/Documents/Unfolding'
/usr/bin/cmake -E cmake_echo_color --switch= --progress-dir=/home/jayesh/Documents/Unfolding/CMakeFiles --progress-num=15,16,17,18,19,20 "Built target framework"
make -s -f CMakeFiles/display.dir/build.make CMakeFiles/display.dir/depend
make[2]: Entering directory '/home/jayesh/Documents/Unfolding'
cd /home/jayesh/Documents/Unfolding && /usr/bin/cmake -E cmake_depends "Unix Makefiles" /home/jayesh/Documents/Unfolding /home/jayesh/Documents/Unfolding /home/jayesh/Documents/Unfolding /home/jayesh/Documents/Unfolding /home/jayesh/Documents/Unfolding/CMakeFiles/display.dir/DependInfo.cmake --color=
make[2]: Leaving directory '/home/jayesh/Documents/Unfolding'
make -s -f CMakeFiles/display.dir/build.make CMakeFiles/display.dir/build
make[2]: Entering directory '/home/jayesh/Documents/Unfolding'
/usr/bin/cmake -E cmake_echo_color --switch= --green --progress-dir=/home/jayesh/Documents/Unfolding/CMakeFiles --progress-num=13 "Building CXX object CMakeFiles/display.dir/Tut_03_OpenGLs_Moving_Triangle/CPUPositionOffset.cpp.o"
/usr/bin/c++ -DFREEGLUT_LIB_PRAGMAS=0 -DFREEGLUT_STATIC -I/home/jayesh/Documents/Unfolding/Tutorial/gltut/framework/. -I/home/jayesh/Documents/Unfolding/glsdk/glm -I/home/jayesh/Documents/Unfolding/Tutorial/gltut/glsdk/glload/include -I/home/jayesh/Documents/Unfolding/Tutorial/gltut/glsdk/glimg/include -I/home/jayesh/Documents/Unfolding/Tutorial/gltut/glsdk/glutil/include -I/home/jayesh/Documents/Unfolding/Tutorial/gltut/glsdk/glm -I/home/jayesh/Documents/Unfolding/Tutorial/gltut/glsdk/freeglut/include -I/home/jayesh/Documents/Unfolding/Tutorial/gltut/glsdk/freeglut  -MD -MT CMakeFiles/display.dir/Tut_03_OpenGLs_Moving_Triangle/CPUPositionOffset.cpp.o -MF CMakeFiles/display.dir/Tut_03_OpenGLs_Moving_Triangle/CPUPositionOffset.cpp.o.d -o CMakeFiles/display.dir/Tut_03_OpenGLs_Moving_Triangle/CPUPositionOffset.cpp.o -c "/home/jayesh/Documents/Unfolding/Tut 03 OpenGLs Moving Triangle/CPUPositionOffset.cpp"
/usr/bin/cmake -E cmake_echo_color --switch= --green --bold --progress-dir=/home/jayesh/Documents/Unfolding/CMakeFiles --progress-num=14 "Linking CXX executable display"
/usr/bin/cmake -E cmake_link_script CMakeFiles/display.dir/link.txt --verbose=
make[2]: Leaving directory '/home/jayesh/Documents/Unfolding'
/usr/bin/cmake -E cmake_echo_color --switch= --progress-dir=/home/jayesh/Documents/Unfolding/CMakeFiles --progress-num=13,14 "Built target display"
make[1]: Leaving directory '/home/jayesh/Documents/Unfolding'
/usr/bin/cmake -E cmake_progress_start /home/jayesh/Documents/Unfolding/CMakeFiles 0
make: Leaving directory '/home/jayesh/Documents/Unfolding'
 
