make all --print-data-base --no-builtin-variables --no-builtin-rules --question
# GNU Make 4.3
# Built for x86_64-pc-linux-gnu
# Copyright (C) 1988-2020 Free Software Foundation, Inc.
# License GPLv3+: GNU GPL version 3 or later <http://gnu.org/licenses/gpl.html>
# This is free software: you are free to change and redistribute it.
# There is NO WARRANTY, to the extent permitted by law.

# Make data base, printed on Sun Jul 17 07:08:46 2022

# Variables

# environment
GDK_BACKEND = x11
# environment
LC_ALL = C
# environment
GNOME_SHELL_SESSION_MODE = ubuntu
# environment
SSH_AGENT_LAUNCHER = gnome-keyring
# environment
SNAP_INSTANCE_KEY = 
# environment
GJS_DEBUG_OUTPUT = stderr
# environment
VSCODE_CWD = /home/jayesh
# default
MAKE_COMMAND := make
# environment
QT_ACCESSIBILITY = 1
# automatic
@D = $(patsubst %/,%,$(dir $@))
# environment
SNAP_INSTANCE_NAME = code
# environment
GDK_PIXBUF_MODULEDIR = /snap/code/101/usr/lib/x86_64-linux-gnu/gdk-pixbuf-2.0/2.10.0/loaders
# environment
VSCODE_HANDLES_UNCAUGHT_ERRORS = true
# default
.VARIABLES := 
# environment
PWD = /home/jayesh/Documents/Unfolding
# automatic
%D = $(patsubst %/,%,$(dir $%))
# environment
XDG_DATA_DIRS = /usr/share/ubuntu:/usr/local/share/:/usr/share/:/var/lib/snapd/desktop
# automatic
^D = $(patsubst %/,%,$(dir $^))
# automatic
%F = $(notdir $%)
# environment
VSCODE_CODE_CACHE_PATH = /home/jayesh/.config/Code/CachedData/b06ae3b2d2dbfe28bca3134cc6be65935cdfea6a
# environment
LANG = C
# environment
XAUTHORITY = /run/user/1000/.mutter-Xwaylandauth.9MXMP1
# default
.LOADED := 
# default
.INCLUDE_DIRS = /usr/local/include /usr/include /usr/include
# makefile (from 'Makefile', line 51)
CMAKE_COMMAND = /usr/bin/cmake
# makefile
MAKEFLAGS = pqrR
# makefile
CURDIR := /home/jayesh/Documents/Unfolding
# environment
APPLICATION_INSIGHTS_NO_DIAGNOSTIC_CHANNEL = 1
# environment
LESSOPEN = | /usr/bin/lesspipe %s
# automatic
*D = $(patsubst %/,%,$(dir $*))
# environment
MFLAGS = -pqrR
# environment
SSH_AUTH_SOCK = /run/user/1000/keyring/ssh
# default
.SHELLFLAGS := -c
# environment
WAYLAND_DISPLAY = wayland-0
# environment
XDG_CONFIG_DIRS = /etc/xdg/xdg-ubuntu:/etc/xdg
# automatic
+D = $(patsubst %/,%,$(dir $+))
# environment
XDG_SESSION_DESKTOP = ubuntu
# makefile (from 'Makefile', line 1)
MAKEFILE_LIST := Makefile
# makefile (from 'Makefile', line 63)
CMAKE_BINARY_DIR = /home/jayesh/Documents/Unfolding
# environment
SNAP_REEXEC = 
# automatic
@F = $(notdir $@)
# environment
VSCODE_PID = 6324
# environment
XDG_SESSION_TYPE = wayland
# automatic
?D = $(patsubst %/,%,$(dir $?))
# environment
BAMF_DESKTOP_FILE_HINT = /var/lib/snapd/desktop/applications/code_code.desktop
# makefile (from 'Makefile', line 60)
CMAKE_SOURCE_DIR = /home/jayesh/Documents/Unfolding
# environment
SESSION_MANAGER = local/jayesh-MS-7D25:@/tmp/.ICE-unix/2154,unix/jayesh-MS-7D25:/tmp/.ICE-unix/2154
# automatic
*F = $(notdir $*)
# environment
CHROME_DESKTOP = code-url-handler.desktop
# environment
DBUS_SESSION_BUS_ADDRESS = unix:path=/run/user/1000/bus
# automatic
<D = $(patsubst %/,%,$(dir $<))
# environment
VSCODE_NLS_CONFIG = {"locale":"en-us","availableLanguages":{},"_languagePackSupport":true}
# default
MAKE_HOST := x86_64-pc-linux-gnu
# environment
GNOME_DESKTOP_SESSION_ID = this-is-deprecated
# makefile (from 'Makefile', line 48)
SHELL = /bin/sh
# default
MAKECMDGOALS := all
# environment
XMODIFIERS = @im=ibus
# environment
GJS_DEBUG_TOPICS = JS ERROR;JS LOG
# environment
SHLVL = 0
# environment
MAKELEVEL := 0
# environment
IM_CONFIG_CHECK_ENV = 1
# default
MAKE = $(MAKE_COMMAND)
# environment
SNAP_COOKIE = 9-l4lQHM6duZJwgbcPqfUY09Pa0nmQObrh02evVMe3yu1PJiM0Dv
# environment
PATH = /usr/local/sbin:/usr/local/bin:/usr/sbin:/usr/bin:/sbin:/bin:/usr/games:/usr/local/games:/snap/bin:/snap/bin
# default
MAKEFILES := 
# automatic
^F = $(notdir $^)
# environment
SNAP_USER_COMMON = /home/jayesh/snap/code/common
# environment
SNAP = /snap/code/101
# environment
INVOCATION_ID = 9cd2c2b0e1bb4f00b7835b07f4d06e02
# environment
SNAP_REVISION = 101
# environment
SNAP_REAL_HOME = /home/jayesh
# environment
USERNAME = jayesh
# environment
GNOME_SETUP_DISPLAY = :1
# environment
LESSCLOSE = /usr/bin/lesspipe %s %s
# automatic
?F = $(notdir $?)
# environment
XDG_CURRENT_DESKTOP = Unity
# environment
LS_COLORS = 
# automatic
+F = $(notdir $+)
# environment
DESKTOP_SESSION = ubuntu
# environment
ORIGINAL_XDG_CURRENT_DESKTOP = ubuntu:GNOME
# 'override' directive
GNUMAKEFLAGS := 
# makefile (from 'Makefile', line 57)
EQUALS = =
# environment
LOGNAME = jayesh
# environment
GIO_LAUNCHED_DESKTOP_FILE = /var/lib/snapd/desktop/applications/code_code.desktop
# environment
SNAP_ARCH = amd64
# makefile
.DEFAULT_GOAL := default_target
# environment
SYSTEMD_EXEC_PID = 2179
# makefile (from 'Makefile', line 54)
RM = /usr/bin/cmake -E rm -f
# environment
DISPLAY = :0
# environment
USER = jayesh
# environment
GTK_MODULES = gail:atk-bridge
# default
MAKE_VERSION := 4.3
# environment
DISABLE_WAYLAND = 1
# environment
SNAP_DATA = /var/snap/code/101
# environment
SNAP_CONTEXT = 9-l4lQHM6duZJwgbcPqfUY09Pa0nmQObrh02evVMe3yu1PJiM0Dv
# environment
MANAGERPID = 1958
# environment
GIO_LAUNCHED_DESKTOP_FILE_PID = 6171
# makefile (from 'Makefile', line 35)
MAKESILENT = -s
# environment
_ = /snap/code/101/usr/share/code/code
# environment
XDG_RUNTIME_DIR = /run/user/1000
# environment
GDK_PIXBUF_MODULE_FILE = /home/jayesh/snap/code/common/.cache/gdk-pixbuf-loaders.cache
# environment
JOURNAL_STREAM = 8:39597
# environment
XDG_SESSION_CLASS = user
# environment
VSCODE_AMD_ENTRYPOINT = vs/workbench/api/node/extensionHostProcess
# environment
HOME = /home/jayesh
# environment
QT_IM_MODULE = ibus
# environment
ELECTRON_RUN_AS_NODE = 1
# environment
VSCODE_IPC_HOOK = /run/user/1000/vscode-23644a68-1.69.1-main.sock
# environment
SNAP_NAME = code
# environment
GSETTINGS_SCHEMA_DIR = /snap/code/101/usr/share/glib-2.0/schemas
# environment
IM_CONFIG_PHASE = 1
# default
.RECIPEPREFIX := 
# automatic
<F = $(notdir $<)
# environment
SNAP_VERSION = b06ae3b2
# default
SUFFIXES := 
# environment
VSCODE_CLI = 1
# environment
ELECTRON_NO_ATTACH_CONSOLE = 1
# environment
SNAP_COMMON = /var/snap/code/common
# default
.FEATURES := target-specific order-only second-expansion else-if shortest-stem undefine oneshell nocomment grouped-target extra-prereqs archives jobserver output-sync check-symlink load
# environment
SNAP_USER_DATA = /home/jayesh/snap/code/101
# environment
XDG_MENU_PREFIX = gnome-
# environment
GDMSESSION = ubuntu
# environment
SNAP_LIBRARY_PATH = /var/lib/snapd/lib/gl:/var/lib/snapd/lib/gl32:/var/lib/snapd/void
# variable set hash-table stats:
# Load=123/1024=12%, Rehash=0, Collisions=4/162=2%

# Pattern-specific Variable Values

# No pattern-specific variable values.

# Directories

# RCS: could not be stat'd.
# SCCS: could not be stat'd.
# . (device 66310, inode 2761652): 40 files, no impossibilities.

# 40 files, no impossibilities in 3 directories.

# Implicit Rules

%: %,v

%: RCS/%

%: RCS/%,v

%: SCCS/s.%

%: s.%

%.hpux_make_needs_suffix_list:

# 6 implicit rules, 0 (0.0%) terminal.
# Files

CGAL_Qt5_moc_and_resources_autogen/mocs_compilation.o: CGAL_Qt5_moc_and_resources_autogen/mocs_compilation.cpp.o
#  Phony target (prerequisite of .PHONY).
#  Implicit rule search has not been done.
#  File does not exist.
#  File has not been updated.

gradient.s: gradient.cpp.s
#  Phony target (prerequisite of .PHONY).
#  Implicit rule search has not been done.
#  File does not exist.
#  File has not been updated.

CGAL_Qt5_moc_and_resources/fast:
#  Phony target (prerequisite of .PHONY).
#  Implicit rule search has not been done.
#  File does not exist.
#  File has not been updated.
 
#  recipe to execute (from 'Makefile', line 129):
	$(MAKE) $(MAKESILENT) -f CMakeFiles/CGAL_Qt5_moc_and_resources.dir/build.make CMakeFiles/CGAL_Qt5_moc_and_resources.dir/build

qrc_File.cpp.o:
#  Phony target (prerequisite of .PHONY).
#  Implicit rule search has not been done.
#  File does not exist.
#  File has not been updated.
#  recipe to execute (from 'Makefile', line 272):
	$(MAKE) $(MAKESILENT) -f CMakeFiles/CGAL_Qt5_moc_and_resources.dir/build.make CMakeFiles/CGAL_Qt5_moc_and_resources.dir/qrc_File.cpp.o

qrc_Input.s: qrc_Input.cpp.s
#  Phony target (prerequisite of .PHONY).
#  Implicit rule search has not been done.
#  File does not exist.
#  File has not been updated.

evaluation.out: cmake_check_build_system
#  Phony target (prerequisite of .PHONY).
#  Implicit rule search has not been done.
#  File does not exist.
#  File has not been updated.
#  recipe to execute (from 'Makefile', line 137):
	$(MAKE) $(MAKESILENT) -f CMakeFiles/Makefile2 evaluation.out

depend:
#  Phony target (prerequisite of .PHONY).
#  Implicit rule search has not been done.
#  File does not exist.
#  File has not been updated.
#  recipe to execute (from 'Makefile', line 116):
	$(CMAKE_COMMAND) -S$(CMAKE_SOURCE_DIR) -B$(CMAKE_BINARY_DIR) --check-build-system CMakeFiles/Makefile.cmake 1

default_target: all
#  Phony target (prerequisite of .PHONY).
#  Implicit rule search has not been done.
#  File does not exist.
#  File has not been updated.

evaluation.i: evaluation.cpp.i
#  Phony target (prerequisite of .PHONY).
#  Implicit rule search has not been done.
#  File does not exist.
#  File has not been updated.

qrc_CGAL.i: qrc_CGAL.cpp.i
#  Phony target (prerequisite of .PHONY).
#  Implicit rule search has not been done.
#  File does not exist.
#  File has not been updated.

qrc_Input.cpp.o:
#  Phony target (prerequisite of .PHONY).
#  Implicit rule search has not been done.
#  File does not exist.
#  File has not been updated.
#  recipe to execute (from 'Makefile', line 296):
	$(MAKE) $(MAKESILENT) -f CMakeFiles/CGAL_Qt5_moc_and_resources.dir/build.make CMakeFiles/CGAL_Qt5_moc_and_resources.dir/qrc_Input.cpp.o

qrc_CGAL.cpp.o:
#  Phony target (prerequisite of .PHONY).
#  Implicit rule search has not been done.
#  File does not exist.
#  File has not been updated.
#  recipe to execute (from 'Makefile', line 248):
	$(MAKE) $(MAKESILENT) -f CMakeFiles/CGAL_Qt5_moc_and_resources.dir/build.make CMakeFiles/CGAL_Qt5_moc_and_resources.dir/qrc_CGAL.cpp.o

qrc_Input.i: qrc_Input.cpp.i
#  Phony target (prerequisite of .PHONY).
#  Implicit rule search has not been done.
#  File does not exist.
#  File has not been updated.

qrc_File.i: qrc_File.cpp.i
#  Phony target (prerequisite of .PHONY).
#  Implicit rule search has not been done.
#  File does not exist.
#  File has not been updated.

evaluation.cpp.i:
#  Phony target (prerequisite of .PHONY).
#  Implicit rule search has not been done.
#  File does not exist.
#  File has not been updated.
#  recipe to execute (from 'Makefile', line 208):
	$(MAKE) $(MAKESILENT) -f CMakeFiles/evaluation.out.dir/build.make CMakeFiles/evaluation.out.dir/evaluation.cpp.i

CGAL_Qt5_moc_and_resources_autogen/mocs_compilation.i: CGAL_Qt5_moc_and_resources_autogen/mocs_compilation.cpp.i
#  Phony target (prerequisite of .PHONY).
#  Implicit rule search has not been done.
#  File does not exist.
#  File has not been updated.

evaluation.s: evaluation.cpp.s
#  Phony target (prerequisite of .PHONY).
#  Implicit rule search has not been done.
#  File does not exist.
#  File has not been updated.

CGAL_Qt5_moc_and_resources_autogen/mocs_compilation.cpp.s:
#  Phony target (prerequisite of .PHONY).
#  Implicit rule search has not been done.
#  File does not exist.
#  File has not been updated.
#  recipe to execute (from 'Makefile', line 192):
	$(MAKE) $(MAKESILENT) -f CMakeFiles/CGAL_Qt5_moc_and_resources.dir/build.make CMakeFiles/CGAL_Qt5_moc_and_resources.dir/CGAL_Qt5_moc_and_resources_autogen/mocs_compilation.cpp.s

edit_cache/fast: edit_cache
#  Phony target (prerequisite of .PHONY).
#  Implicit rule search has not been done.
#  File does not exist.
#  File has not been updated.

CGAL_Qt5_moc_and_resources_autogen/mocs_compilation.cpp.o:
#  Phony target (prerequisite of .PHONY).
#  Implicit rule search has not been done.
#  File does not exist.
#  File has not been updated.
#  recipe to execute (from 'Makefile', line 176):
	$(MAKE) $(MAKESILENT) -f CMakeFiles/CGAL_Qt5_moc_and_resources.dir/build.make CMakeFiles/CGAL_Qt5_moc_and_resources.dir/CGAL_Qt5_moc_and_resources_autogen/mocs_compilation.cpp.o

gradient.out: cmake_check_build_system
#  Phony target (prerequisite of .PHONY).
#  Implicit rule search has not been done.
#  File does not exist.
#  File has not been updated.
#  recipe to execute (from 'Makefile', line 150):
	$(MAKE) $(MAKESILENT) -f CMakeFiles/Makefile2 gradient.out

evaluation.o: evaluation.cpp.o
#  Phony target (prerequisite of .PHONY).
#  Implicit rule search has not been done.
#  File does not exist.
#  File has not been updated.

# Not a target:
Makefile:
#  Implicit rule search has been done.
#  Last modified 2022-07-08 12:53:39.25901815
#  File has been updated.
#  Successfully updated.

rebuild_cache:
#  Phony target (prerequisite of .PHONY).
#  Implicit rule search has not been done.
#  File does not exist.
#  File has not been updated.
#  recipe to execute (from 'Makefile', line 80):
	@$(CMAKE_COMMAND) -E cmake_echo_color --switch=$(COLOR) --cyan "Running CMake to regenerate build system..."
	/usr/bin/cmake --regenerate-during-build -S$(CMAKE_SOURCE_DIR) -B$(CMAKE_BINARY_DIR)

qrc_Triangulation_2.o: qrc_Triangulation_2.cpp.o
#  Phony target (prerequisite of .PHONY).
#  Implicit rule search has not been done.
#  File does not exist.
#  File has not been updated.

qrc_Triangulation_2.cpp.i:
#  Phony target (prerequisite of .PHONY).
#  Implicit rule search has not been done.
#  File does not exist.
#  File has not been updated.
#  recipe to execute (from 'Makefile', line 328):
	$(MAKE) $(MAKESILENT) -f CMakeFiles/CGAL_Qt5_moc_and_resources.dir/build.make CMakeFiles/CGAL_Qt5_moc_and_resources.dir/qrc_Triangulation_2.cpp.i

.SILENT:
#  Implicit rule search has not been done.
#  Modification time never checked.
#  File has not been updated.

clean:
#  Phony target (prerequisite of .PHONY).
#  Implicit rule search has not been done.
#  File does not exist.
#  File has not been updated.
#  recipe to execute (from 'Makefile', line 97):
	$(MAKE) $(MAKESILENT) -f CMakeFiles/Makefile2 clean

cmake_force:
#  Phony target (prerequisite of .PHONY).
#  Implicit rule search has not been done.
#  File does not exist.
#  File has not been updated.

preinstall/fast:
#  Phony target (prerequisite of .PHONY).
#  Implicit rule search has not been done.
#  File does not exist.
#  File has not been updated.
#  recipe to execute (from 'Makefile', line 111):
	$(MAKE) $(MAKESILENT) -f CMakeFiles/Makefile2 preinstall

qrc_CGAL.cpp.i:
#  Phony target (prerequisite of .PHONY).
#  Implicit rule search has not been done.
#  File does not exist.
#  File has not been updated.
#  recipe to execute (from 'Makefile', line 256):
	$(MAKE) $(MAKESILENT) -f CMakeFiles/CGAL_Qt5_moc_and_resources.dir/build.make CMakeFiles/CGAL_Qt5_moc_and_resources.dir/qrc_CGAL.cpp.i

edit_cache:
#  Phony target (prerequisite of .PHONY).
#  Implicit rule search has not been done.
#  File does not exist.
#  File has not been updated.
#  recipe to execute (from 'Makefile', line 70):
	@$(CMAKE_COMMAND) -E cmake_echo_color --switch=$(COLOR) --cyan "Running CMake cache editor..."
	/usr/bin/cmake-gui -S$(CMAKE_SOURCE_DIR) -B$(CMAKE_BINARY_DIR)

qrc_File.s: qrc_File.cpp.s
#  Phony target (prerequisite of .PHONY).
#  Implicit rule search has not been done.
#  File does not exist.
#  File has not been updated.

gradient.cpp.o:
#  Phony target (prerequisite of .PHONY).
#  Implicit rule search has not been done.
#  File does not exist.
#  File has not been updated.
#  recipe to execute (from 'Makefile', line 224):
	$(MAKE) $(MAKESILENT) -f CMakeFiles/gradient.out.dir/build.make CMakeFiles/gradient.out.dir/gradient.cpp.o

qrc_File.cpp.s:
#  Phony target (prerequisite of .PHONY).
#  Implicit rule search has not been done.
#  File does not exist.
#  File has not been updated.
#  recipe to execute (from 'Makefile', line 288):
	$(MAKE) $(MAKESILENT) -f CMakeFiles/CGAL_Qt5_moc_and_resources.dir/build.make CMakeFiles/CGAL_Qt5_moc_and_resources.dir/qrc_File.cpp.s

rebuild_cache/fast: rebuild_cache
#  Phony target (prerequisite of .PHONY).
#  Implicit rule search has not been done.
#  File does not exist.
#  File has not been updated.

gradient.out/fast:
#  Phony target (prerequisite of .PHONY).
#  Implicit rule search has not been done.
#  File does not exist.
#  File has not been updated.
#  recipe to execute (from 'Makefile', line 155):
	$(MAKE) $(MAKESILENT) -f CMakeFiles/gradient.out.dir/build.make CMakeFiles/gradient.out.dir/build

# Not a target:
.hpux_make_needs_suffix_list:
#  Implicit rule search has not been done.
#  Modification time never checked.
#  File has not been updated.

qrc_Input.o: qrc_Input.cpp.o
#  Phony target (prerequisite of .PHONY).
#  Implicit rule search has not been done.
#  File does not exist.
#  File has not been updated.

evaluation.cpp.o:
#  Phony target (prerequisite of .PHONY).
#  Implicit rule search has not been done.
#  File does not exist.
#  File has not been updated.
#  recipe to execute (from 'Makefile', line 200):
	$(MAKE) $(MAKESILENT) -f CMakeFiles/evaluation.out.dir/build.make CMakeFiles/evaluation.out.dir/evaluation.cpp.o

qrc_CGAL.cpp.s:
#  Phony target (prerequisite of .PHONY).
#  Implicit rule search has not been done.
#  File does not exist.
#  File has not been updated.
#  recipe to execute (from 'Makefile', line 264):
	$(MAKE) $(MAKESILENT) -f CMakeFiles/CGAL_Qt5_moc_and_resources.dir/build.make CMakeFiles/CGAL_Qt5_moc_and_resources.dir/qrc_CGAL.cpp.s

preinstall: all
#  Phony target (prerequisite of .PHONY).
#  Implicit rule search has not been done.
#  File does not exist.
#  File has not been updated.
#  recipe to execute (from 'Makefile', line 106):
	$(MAKE) $(MAKESILENT) -f CMakeFiles/Makefile2 preinstall

qrc_Input.cpp.i:
#  Phony target (prerequisite of .PHONY).
#  Implicit rule search has not been done.
#  File does not exist.
#  File has not been updated.
#  recipe to execute (from 'Makefile', line 304):
	$(MAKE) $(MAKESILENT) -f CMakeFiles/CGAL_Qt5_moc_and_resources.dir/build.make CMakeFiles/CGAL_Qt5_moc_and_resources.dir/qrc_Input.cpp.i

qrc_CGAL.s: qrc_CGAL.cpp.s
#  Phony target (prerequisite of .PHONY).
#  Implicit rule search has not been done.
#  File does not exist.
#  File has not been updated.

gradient.cpp.s:
#  Phony target (prerequisite of .PHONY).
#  Implicit rule search has not been done.
#  File does not exist.
#  File has not been updated.
#  recipe to execute (from 'Makefile', line 240):
	$(MAKE) $(MAKESILENT) -f CMakeFiles/gradient.out.dir/build.make CMakeFiles/gradient.out.dir/gradient.cpp.s

# Not a target:
.DEFAULT:
#  Implicit rule search has not been done.
#  Modification time never checked.
#  File has not been updated.

 
all: cmake_check_build_system
#  Phony target (prerequisite of .PHONY).
#  Command line target.
#  Implicit rule search has not been done.
#  File does not exist.
#  File has been updated.
#  Needs to be updated (-q is set).
# variable set hash-table stats:
# Load=0/32=0%, Rehash=0, Collisions=0/6=0%
#  recipe to execute (from 'Makefile', line 90):
	$(CMAKE_COMMAND) -E cmake_progress_start /home/jayesh/Documents/Unfolding/CMakeFiles /home/jayesh/Documents/Unfolding//CMakeFiles/progress.marks
	$(MAKE) $(MAKESILENT) -f CMakeFiles/Makefile2 all
	$(CMAKE_COMMAND) -E cmake_progress_start /home/jayesh/Documents/Unfolding/CMakeFiles 0

help:
#  Phony target (prerequisite of .PHONY).
#  Implicit rule search has not been done.
#  File does not exist.
#  File has not been updated.
#  recipe to execute (from 'Makefile', line 341):
	@echo "The following are some of the valid targets for this Makefile:"
	@echo "... all (the default if no target is provided)"
	@echo "... clean"
	@echo "... depend"
	@echo "... edit_cache"
	@echo "... rebuild_cache"
	@echo "... CGAL_Qt5_moc_and_resources_autogen"
	@echo "... CGAL_Qt5_moc_and_resources"
	@echo "... evaluation.out"
	@echo "... gradient.out"
	@echo "... CGAL_Qt5_moc_and_resources_autogen/mocs_compilation.o"
	@echo "... CGAL_Qt5_moc_and_resources_autogen/mocs_compilation.i"
	@echo "... CGAL_Qt5_moc_and_resources_autogen/mocs_compilation.s"
	@echo "... evaluation.o"
	@echo "... evaluation.i"
	@echo "... evaluation.s"
	@echo "... gradient.o"
	@echo "... gradient.i"
	@echo "... gradient.s"
	@echo "... qrc_CGAL.o"
	@echo "... qrc_CGAL.i"
	@echo "... qrc_CGAL.s"
	@echo "... qrc_File.o"
	@echo "... qrc_File.i"
	@echo "... qrc_File.s"
	@echo "... qrc_Input.o"
	@echo "... qrc_Input.i"
	@echo "... qrc_Input.s"
	@echo "... qrc_Triangulation_2.o"
	@echo "... qrc_Triangulation_2.i"
	@echo "... qrc_Triangulation_2.s"

CGAL_Qt5_moc_and_resources_autogen/mocs_compilation.cpp.i:
#  Phony target (prerequisite of .PHONY).
#  Implicit rule search has not been done.
#  File does not exist.
#  File has not been updated.
#  recipe to execute (from 'Makefile', line 184):
	$(MAKE) $(MAKESILENT) -f CMakeFiles/CGAL_Qt5_moc_and_resources.dir/build.make CMakeFiles/CGAL_Qt5_moc_and_resources.dir/CGAL_Qt5_moc_and_resources_autogen/mocs_compilation.cpp.i

qrc_Triangulation_2.cpp.o:
#  Phony target (prerequisite of .PHONY).
#  Implicit rule search has not been done.
#  File does not exist.
#  File has not been updated.
#  recipe to execute (from 'Makefile', line 320):
	$(MAKE) $(MAKESILENT) -f CMakeFiles/CGAL_Qt5_moc_and_resources.dir/build.make CMakeFiles/CGAL_Qt5_moc_and_resources.dir/qrc_Triangulation_2.cpp.o

clean/fast: clean
#  Phony target (prerequisite of .PHONY).
#  Implicit rule search has not been done.
#  File does not exist.
#  File has not been updated.

CGAL_Qt5_moc_and_resources_autogen: cmake_check_build_system
#  Phony target (prerequisite of .PHONY).
#  Implicit rule search has not been done.
#  File does not exist.
#  File has not been updated.
#  recipe to execute (from 'Makefile', line 163):
	$(MAKE) $(MAKESILENT) -f CMakeFiles/Makefile2 CGAL_Qt5_moc_and_resources_autogen

gradient.o: gradient.cpp.o
#  Phony target (prerequisite of .PHONY).
#  Implicit rule search has not been done.
#  File does not exist.
#  File has not been updated.

qrc_CGAL.o: qrc_CGAL.cpp.o
#  Phony target (prerequisite of .PHONY).
#  Implicit rule search has not been done.
#  File does not exist.
#  File has not been updated.

evaluation.out/fast:
#  Phony target (prerequisite of .PHONY).
#  Implicit rule search has not been done.
#  File does not exist.
#  File has not been updated.
#  recipe to execute (from 'Makefile', line 142):
	$(MAKE) $(MAKESILENT) -f CMakeFiles/evaluation.out.dir/build.make CMakeFiles/evaluation.out.dir/build

qrc_File.cpp.i:
#  Phony target (prerequisite of .PHONY).
#  Implicit rule search has not been done.
#  File does not exist.
#  File has not been updated.
#  recipe to execute (from 'Makefile', line 280):
	$(MAKE) $(MAKESILENT) -f CMakeFiles/CGAL_Qt5_moc_and_resources.dir/build.make CMakeFiles/CGAL_Qt5_moc_and_resources.dir/qrc_File.cpp.i

.NOTPARALLEL:
#  Implicit rule search has not been done.
#  Modification time never checked.
#  File has not been updated.

qrc_Triangulation_2.cpp.s:
#  Phony target (prerequisite of .PHONY).
#  Implicit rule search has not been done.
#  File does not exist.
#  File has not been updated.
#  recipe to execute (from 'Makefile', line 336):
	$(MAKE) $(MAKESILENT) -f CMakeFiles/CGAL_Qt5_moc_and_resources.dir/build.make CMakeFiles/CGAL_Qt5_moc_and_resources.dir/qrc_Triangulation_2.cpp.s

qrc_Triangulation_2.s: qrc_Triangulation_2.cpp.s
#  Phony target (prerequisite of .PHONY).
#  Implicit rule search has not been done.
#  File does not exist.
#  File has not been updated.

CGAL_Qt5_moc_and_resources: cmake_check_build_system
#  Phony target (prerequisite of .PHONY).
#  Implicit rule search has not been done.
#  File does not exist.
#  File has not been updated.
#  recipe to execute (from 'Makefile', line 124):
	$(MAKE) $(MAKESILENT) -f CMakeFiles/Makefile2 CGAL_Qt5_moc_and_resources

qrc_Triangulation_2.i: qrc_Triangulation_2.cpp.i
#  Phony target (prerequisite of .PHONY).
#  Implicit rule search has not been done.
#  File does not exist.
#  File has not been updated.

cmake_check_build_system:
#  Phony target (prerequisite of .PHONY).
#  Implicit rule search has not been done.
#  Implicit/static pattern stem: ''
#  File does not exist.
#  File has been updated.
#  Needs to be updated (-q is set).
# automatic
# @ := cmake_check_build_system
# automatic
# * := 
# automatic
# < := 
# automatic
# + := 
# automatic
# % := 
# automatic
# ^ := 
# automatic
# ? := 
# automatic
# | := 
# variable set hash-table stats:
# Load=8/32=25%, Rehash=0, Collisions=1/14=7%
#  recipe to execute (from 'Makefile', line 383):
	$(CMAKE_COMMAND) -S$(CMAKE_SOURCE_DIR) -B$(CMAKE_BINARY_DIR) --check-build-system CMakeFiles/Makefile.cmake 0

evaluation.cpp.s:
#  Phony target (prerequisite of .PHONY).
#  Implicit rule search has not been done.
#  File does not exist.
#  File has not been updated.
#  recipe to execute (from 'Makefile', line 216):
	$(MAKE) $(MAKESILENT) -f CMakeFiles/evaluation.out.dir/build.make CMakeFiles/evaluation.out.dir/evaluation.cpp.s

gradient.i: gradient.cpp.i
#  Phony target (prerequisite of .PHONY).
#  Implicit rule search has not been done.
#  File does not exist.
#  File has not been updated.

.SUFFIXES: .hpux_make_needs_suffix_list
#  Implicit rule search has not been done.
#  Modification time never checked.
#  File has not been updated.

CGAL_Qt5_moc_and_resources_autogen/fast:
#  Phony target (prerequisite of .PHONY).
#  Implicit rule search has not been done.
#  File does not exist.
#  File has not been updated.
#  recipe to execute (from 'Makefile', line 168):
	$(MAKE) $(MAKESILENT) -f CMakeFiles/CGAL_Qt5_moc_and_resources_autogen.dir/build.make CMakeFiles/CGAL_Qt5_moc_and_resources_autogen.dir/build

.PHONY: default_target cmake_force edit_cache edit_cache/fast rebuild_cache rebuild_cache/fast all clean clean/fast preinstall preinstall/fast depend CGAL_Qt5_moc_and_resources CGAL_Qt5_moc_and_resources/fast evaluation.out evaluation.out/fast gradient.out gradient.out/fast CGAL_Qt5_moc_and_resources_autogen CGAL_Qt5_moc_and_resources_autogen/fast CGAL_Qt5_moc_and_resources_autogen/mocs_compilation.o CGAL_Qt5_moc_and_resources_autogen/mocs_compilation.cpp.o CGAL_Qt5_moc_and_resources_autogen/mocs_compilation.i CGAL_Qt5_moc_and_resources_autogen/mocs_compilation.cpp.i CGAL_Qt5_moc_and_resources_autogen/mocs_compilation.s CGAL_Qt5_moc_and_resources_autogen/mocs_compilation.cpp.s evaluation.o evaluation.cpp.o evaluation.i evaluation.cpp.i evaluation.s evaluation.cpp.s gradient.o gradient.cpp.o gradient.i gradient.cpp.i gradient.s gradient.cpp.s qrc_CGAL.o qrc_CGAL.cpp.o qrc_CGAL.i qrc_CGAL.cpp.i qrc_CGAL.s qrc_CGAL.cpp.s qrc_File.o qrc_File.cpp.o qrc_File.i qrc_File.cpp.i qrc_File.s qrc_File.cpp.s qrc_Input.o qrc_Input.cpp.o qrc_Input.i qrc_Input.cpp.i qrc_Input.s qrc_Input.cpp.s qrc_Triangulation_2.o qrc_Triangulation_2.cpp.o qrc_Triangulation_2.i qrc_Triangulation_2.cpp.i qrc_Triangulation_2.s qrc_Triangulation_2.cpp.s help cmake_check_build_system
#  Implicit rule search has not been done.
#  Modification time never checked.
#  File has not been updated.

gradient.cpp.i:
#  Phony target (prerequisite of .PHONY).
#  Implicit rule search has not been done.
#  File does not exist.
#  File has not been updated.
#  recipe to execute (from 'Makefile', line 232):
	$(MAKE) $(MAKESILENT) -f CMakeFiles/gradient.out.dir/build.make CMakeFiles/gradient.out.dir/gradient.cpp.i

CGAL_Qt5_moc_and_resources_autogen/mocs_compilation.s: CGAL_Qt5_moc_and_resources_autogen/mocs_compilation.cpp.s
#  Phony target (prerequisite of .PHONY).
#  Implicit rule search has not been done.
#  File does not exist.
#  File has not been updated.

qrc_File.o: qrc_File.cpp.o
#  Phony target (prerequisite of .PHONY).
#  Implicit rule search has not been done.
#  File does not exist.
#  File has not been updated.

qrc_Input.cpp.s:
#  Phony target (prerequisite of .PHONY).
#  Implicit rule search has not been done.
#  File does not exist.
#  File has not been updated.
#  recipe to execute (from 'Makefile', line 312):
	$(MAKE) $(MAKESILENT) -f CMakeFiles/CGAL_Qt5_moc_and_resources.dir/build.make CMakeFiles/CGAL_Qt5_moc_and_resources.dir/qrc_Input.cpp.s

# files hash-table stats:
# Load=71/1024=7%, Rehash=0, Collisions=4/266=2%
# VPATH Search Paths

# No 'vpath' search paths.

# No general ('VPATH' variable) search path.

# strcache buffers: 1 (0) / strings = 118 / storage = 1906 B / avg = 16 B
# current buf: size = 8162 B / used = 1906 B / count = 118 / avg = 16 B

# strcache performance: lookups = 423 / hit rate = 72%
# hash-table stats:
# Load=118/8192=1%, Rehash=0, Collisions=0/423=0%
# Finished Make data base on Sun Jul 17 07:08:46 2022

 
